#
# There is insufficient memory for the Java Runtime Environment to continue.
# Native memory allocation (mmap) failed to map 266338304 bytes. Error detail: G1 virtual space
# Possible reasons:
#   The system is out of physical RAM or swap space
#   This process is running with CompressedOops enabled, and the Java Heap may be blocking the growth of the native heap
# Possible solutions:
#   Reduce memory load on the system
#   Increase physical memory or swap space
#   Check if swap backing store is full
#   Decrease Java heap size (-Xmx/-Xms)
#   Decrease number of Java threads
#   Decrease Java thread stack sizes (-Xss)
#   Set larger code cache with -XX:ReservedCodeCacheSize=
#   JVM is running with Zero Based Compressed Oops mode in which the Java heap is
#     placed in the first 32GB address space. The Java Heap base address is the
#     maximum limit for the native heap growth. Please use -XX:HeapBaseMinAddress
#     to set the Java Heap base and to place the Java Heap above 32GB virtual address.
# This output file may be truncated or incomplete.
#
#  Out of Memory Error (os_windows.cpp:3825), pid=21916, tid=10548
#
# JRE version:  (17.0.11) (build )
# Java VM: OpenJDK 64-Bit Server VM (17.0.11+0--11852314, mixed mode, sharing, tiered, compressed oops, compressed class ptrs, g1 gc, windows-amd64)
# No core dump will be written. Minidumps are not enabled by default on client versions of Windows
#

---------------  S U M M A R Y ------------

Command Line: 

Host: Intel(R) Core(TM) i7-7820HQ CPU @ 2.90GHz, 8 cores, 15G,  Windows 10 , 64 bit Build 19041 (10.0.19041.4717)
Time: Sat Sep  7 22:56:54 2024 Egypt Daylight Time elapsed time: 0.016395 seconds (0d 0h 0m 0s)

---------------  T H R E A D  ---------------

Current thread (0x0000018f6427ccb0):  JavaThread "Unknown thread" [_thread_in_vm, id=10548, stack(0x00000061ada00000,0x00000061adb00000)]

Stack: [0x00000061ada00000,0x00000061adb00000]
Native frames: (J=compiled Java code, j=interpreted, Vv=VM code, C=native code)
V  [jvm.dll+0x687bb9]
V  [jvm.dll+0x84142a]
V  [jvm.dll+0x8430ae]
V  [jvm.dll+0x843713]
V  [jvm.dll+0x24a35f]
V  [jvm.dll+0x684989]
V  [jvm.dll+0x67923a]
V  [jvm.dll+0x30af0b]
V  [jvm.dll+0x3123b6]
V  [jvm.dll+0x361dfe]
V  [jvm.dll+0x36202f]
V  [jvm.dll+0x2e0d38]
V  [jvm.dll+0x2e1ca4]
V  [jvm.dll+0x811f21]
V  [jvm.dll+0x36fb68]
V  [jvm.dll+0x7f0896]
V  [jvm.dll+0x3f3d2f]
V  [jvm.dll+0x3f58e1]
C  [jli.dll+0x528f]
C  [ucrtbase.dll+0x21bb2]
C  [KERNEL32.DLL+0x17374]
C  [ntdll.dll+0x4cc91]


---------------  P R O C E S S  ---------------

Threads class SMR info:
_java_thread_list=0x00007fffdb5befd8, length=0, elements={
}

Java Threads: ( => current thread )

Other Threads:
  0x0000018f642e7680 GCTaskThread "GC Thread#0" [stack: 0x00000061adb00000,0x00000061adc00000] [id=11608]
  0x0000018f642f9b40 ConcurrentGCThread "G1 Main Marker" [stack: 0x00000061adc00000,0x00000061add00000] [id=25012]
  0x0000018f642fa560 ConcurrentGCThread "G1 Conc#0" [stack: 0x00000061add00000,0x00000061ade00000] [id=12188]

[error occurred during error reporting (printing all threads), id 0xc0000005, EXCEPTION_ACCESS_VIOLATION (0xc0000005) at pc=0x00007fffdad71907]

VM state: not at safepoint (not fully initialized)

VM Mutex/Monitor currently owned by a thread:  ([mutex/lock_event])
[0x0000018f64278ab0] Heap_lock - owner thread: 0x0000018f6427ccb0

Heap address: 0x0000000702400000, size: 4060 MB, Compressed Oops mode: Zero based, Oop shift amount: 3

CDS archive(s) mapped at: [0x0000000000000000-0x0000000000000000-0x0000000000000000), size 0, SharedBaseAddress: 0x0000000800000000, ArchiveRelocationMode: 1.
Narrow klass base: 0x0000000000000000, Narrow klass shift: 0, Narrow klass range: 0x0

GC Precious Log:
<Empty>

Heap:
 garbage-first heap   total 0K, used 0K [0x0000000702400000, 0x0000000800000000)
  region size 2048K, 0 young (0K), 0 survivors (0K)
 Metaspace       used 0K, committed 0K, reserved 0K
  class space    used 0K, committed 0K, reserved 0K

Heap Regions: E=young(eden), S=young(survivor), O=old, HS=humongous(starts), HC=humongous(continues), CS=collection set, F=free, OA=open archive, CA=closed archive, TAMS=top-at-mark-start (previous, next)

Card table byte_map: [0x0000018f77280000,0x0000018f77a70000] _byte_map_base: 0x0000018f73a6e000

Marking Bits (Prev, Next): (CMBitMap*) 0x0000018f642e8cb0, (CMBitMap*) 0x0000018f642e8cf0
 Prev Bits: [0x0000018f78260000, 0x0000018f7c1d0000)
 Next Bits: [0x0000018f00000000, 0x0000018f03f70000)

GC Heap History (0 events):
No events

Dll operation events (1 events):
Event: 0.007 Loaded shared library C:\Program Files\Android\Android Studio\jbr\bin\java.dll

Deoptimization events (0 events):
No events

Classes unloaded (0 events):
No events

Classes redefined (0 events):
No events

Internal exceptions (0 events):
No events

VM Operations (0 events):
No events

Events (0 events):
No events


Dynamic libraries:
0x00007ff6c74e0000 - 0x00007ff6c74ea000 	C:\Program Files\Android\Android Studio\jbr\bin\java.EXE
0x00007ff856f90000 - 0x00007ff857188000 	C:\Windows\SYSTEM32\ntdll.dll
0x00007ff8566a0000 - 0x00007ff856761000 	C:\Windows\System32\KERNEL32.DLL
0x00007ff854900000 - 0x00007ff854bfd000 	C:\Windows\System32\KERNELBASE.dll
0x00007ff854790000 - 0x00007ff854890000 	C:\Windows\System32\ucrtbase.dll
0x00007ff838030000 - 0x00007ff838047000 	C:\Program Files\Android\Android Studio\jbr\bin\jli.dll
0x00007ff82bd70000 - 0x00007ff82bd8b000 	C:\Program Files\Android\Android Studio\jbr\bin\VCRUNTIME140.dll
0x00007ff856db0000 - 0x00007ff856f4d000 	C:\Windows\System32\USER32.dll
0x00007ff854710000 - 0x00007ff854732000 	C:\Windows\System32\win32u.dll
0x00007ff83e370000 - 0x00007ff83e60a000 	C:\Windows\WinSxS\amd64_microsoft.windows.common-controls_6595b64144ccf1df_6.0.19041.4355_none_60b8b9eb71f62e16\COMCTL32.dll
0x00007ff856cd0000 - 0x00007ff856cfb000 	C:\Windows\System32\GDI32.dll
0x00007ff854c00000 - 0x00007ff854d17000 	C:\Windows\System32\gdi32full.dll
0x00007ff855730000 - 0x00007ff8557ce000 	C:\Windows\System32\msvcrt.dll
0x00007ff854640000 - 0x00007ff8546dd000 	C:\Windows\System32\msvcp_win.dll
0x00007ff856ca0000 - 0x00007ff856ccf000 	C:\Windows\System32\IMM32.DLL
0x00007ff8502a0000 - 0x00007ff8502ac000 	C:\Program Files\Android\Android Studio\jbr\bin\vcruntime140_1.dll
0x00007ff81a9a0000 - 0x00007ff81aa2d000 	C:\Program Files\Android\Android Studio\jbr\bin\msvcp140.dll
0x00007fffdaa80000 - 0x00007fffdb703000 	C:\Program Files\Android\Android Studio\jbr\bin\server\jvm.dll
0x00007ff856d00000 - 0x00007ff856db0000 	C:\Windows\System32\ADVAPI32.dll
0x00007ff855690000 - 0x00007ff855730000 	C:\Windows\System32\sechost.dll
0x00007ff855d50000 - 0x00007ff855e73000 	C:\Windows\System32\RPCRT4.dll
0x00007ff8546e0000 - 0x00007ff854707000 	C:\Windows\System32\bcrypt.dll
0x00007ff853b70000 - 0x00007ff853bbb000 	C:\Windows\SYSTEM32\POWRPROF.dll
0x00007ff850130000 - 0x00007ff850139000 	C:\Windows\SYSTEM32\WSOCK32.dll
0x00007ff83e2d0000 - 0x00007ff83e2f7000 	C:\Windows\SYSTEM32\WINMM.dll
0x00007ff851be0000 - 0x00007ff851bea000 	C:\Windows\SYSTEM32\VERSION.dll
0x00007ff855920000 - 0x00007ff85598b000 	C:\Windows\System32\WS2_32.dll
0x00007ff853a30000 - 0x00007ff853a42000 	C:\Windows\SYSTEM32\UMPDC.dll
0x00007ff8524c0000 - 0x00007ff8524d2000 	C:\Windows\SYSTEM32\kernel.appcore.dll
0x00007ff84f470000 - 0x00007ff84f47a000 	C:\Program Files\Android\Android Studio\jbr\bin\jimage.dll
0x00007ff84e5b0000 - 0x00007ff84e794000 	C:\Windows\SYSTEM32\DBGHELP.DLL
0x00007ff834cf0000 - 0x00007ff834d24000 	C:\Windows\SYSTEM32\dbgcore.DLL
0x00007ff854f30000 - 0x00007ff854fb2000 	C:\Windows\System32\bcryptPrimitives.dll
0x00007ff826c80000 - 0x00007ff826ca5000 	C:\Program Files\Android\Android Studio\jbr\bin\java.dll

dbghelp: loaded successfully - version: 4.0.5 - missing functions: none
symbol engine: initialized successfully - sym options: 0x614 - pdb path: .;C:\Program Files\Android\Android Studio\jbr\bin;C:\Windows\SYSTEM32;C:\Windows\WinSxS\amd64_microsoft.windows.common-controls_6595b64144ccf1df_6.0.19041.4355_none_60b8b9eb71f62e16;C:\Program Files\Android\Android Studio\jbr\bin\server

VM Arguments:
java_command: <unknown>
java_class_path (initial): <not set>
Launcher Type: SUN_STANDARD

[Global flags]
     intx CICompilerCount                          = 4                                         {product} {ergonomic}
     uint ConcGCThreads                            = 2                                         {product} {ergonomic}
     uint G1ConcRefinementThreads                  = 8                                         {product} {ergonomic}
   size_t G1HeapRegionSize                         = 2097152                                   {product} {ergonomic}
    uintx GCDrainStackTargetSize                   = 64                                        {product} {ergonomic}
   size_t InitialHeapSize                          = 266338304                                 {product} {ergonomic}
   size_t MarkStackSize                            = 4194304                                   {product} {ergonomic}
   size_t MaxHeapSize                              = 4257218560                                {product} {ergonomic}
   size_t MinHeapDeltaBytes                        = 2097152                                   {product} {ergonomic}
   size_t MinHeapSize                              = 8388608                                   {product} {ergonomic}
    uintx NonNMethodCodeHeapSize                   = 5839372                                {pd product} {ergonomic}
    uintx NonProfiledCodeHeapSize                  = 122909434                              {pd product} {ergonomic}
    uintx ProfiledCodeHeapSize                     = 122909434                              {pd product} {ergonomic}
    uintx ReservedCodeCacheSize                    = 251658240                              {pd product} {ergonomic}
     bool SegmentedCodeCache                       = true                                      {product} {ergonomic}
   size_t SoftMaxHeapSize                          = 4257218560                             {manageable} {ergonomic}
     bool UseCompressedClassPointers               = true                           {product lp64_product} {ergonomic}
     bool UseCompressedOops                        = true                           {product lp64_product} {ergonomic}
     bool UseG1GC                                  = true                                      {product} {ergonomic}
     bool UseLargePagesIndividualAllocation        = false                                  {pd product} {ergonomic}

Logging:
Log output configuration:
 #0: stdout all=warning uptime,level,tags
 #1: stderr all=off uptime,level,tags

Environment Variables:
JAVA_HOME=C:\Program Files\Java\jdk-21\
PATH=C:\flutter\bin\;D:\VMware Workstation\bin\;C:\ProgramData\Oracle\Java\javapath;C:\Windows\system32;C:\Windows;C:\Windows\System32\Wbem;C:\Windows\System32\WindowsPowerShell\v1.0\;C:\Windows\System32\OpenSSH\;C:\Program Files\Java\jdk-21\bin;D:\New folder\bin;D:\Windows Kits\10\Windows Performance Toolkit\;C:\Users\Dell\AppData\Local\Microsoft\WindowsApps;D:\CodeblocksCPC2024\CodeBlocks\MinGW\bin;C:\Program Files\CodeBlocks\MinGW\bin;C:\Users\Dell\AppData\Local\Programs\Microsoft VS Code\bin;C:\Program Files\JetBrains\PyCharm 2024.1.4\bin;;C:\flutter\bin;;C:\flutter\bin\mingit\cmd
USERNAME=Dell
LANG=en_US.UTF-8
OS=Windows_NT
PROCESSOR_IDENTIFIER=Intel64 Family 6 Model 158 Stepping 9, GenuineIntel
TMP=C:\Users\Dell\AppData\Local\Temp
TEMP=C:\Users\Dell\AppData\Local\Temp



Periodic native trim disabled

JNI global refs:
JNI global refs: 0, weak refs: 0

JNI global refs memory usage: 0, weak refs: 0

Process memory usage:
Resident Set Size: 10864K (0% of 16622604K total physical memory with 4962156K free physical memory)

OOME stack traces (most recent first):
Classloader memory used:


---------------  S Y S T E M  ---------------

OS:
 Windows 10 , 64 bit Build 19041 (10.0.19041.4717)
OS uptime: 1 days 8:35 hours

CPU: total 8 (initial active 8) (4 cores per cpu, 2 threads per core) family 6 model 158 stepping 9 microcode 0xea, cx8, cmov, fxsr, ht, mmx, 3dnowpref, sse, sse2, sse3, ssse3, sse4.1, sse4.2, popcnt, lzcnt, tsc, tscinvbit, avx, avx2, aes, erms, clmul, bmi1, bmi2, rtm, adx, fma, vzeroupper, clflush, clflushopt
Processor Information for all 8 processors :
  Max Mhz: 2901, Current Mhz: 2901, Mhz Limit: 2901

Memory: 4k page, system-wide physical 16233M (4844M free)
TotalPageFile size 20564M (AvailPageFile size 263M)
current process WorkingSet (physical memory assigned to process): 10M, peak: 10M
current process commit charge ("private bytes"): 60M, peak: 314M

vm_info: OpenJDK 64-Bit Server VM (17.0.11+0--11852314) for windows-amd64 JRE (17.0.11+0--11852314), built on May 16 2024 21:29:20 by "androidbuild" with MS VC++ 16.10 / 16.11 (VS2019)

END.
