#
# There is insufficient memory for the Java Runtime Environment to continue.
# Native memory allocation (malloc) failed to allocate 1048576 bytes. Error detail: AllocateHeap
# Possible reasons:
#   The system is out of physical RAM or swap space
#   This process is running with CompressedOops enabled, and the Java Heap may be blocking the growth of the native heap
# Possible solutions:
#   Reduce memory load on the system
#   Increase physical memory or swap space
#   Check if swap backing store is full
#   Decrease Java heap size (-Xmx/-Xms)
#   Decrease number of Java threads
#   Decrease Java thread stack sizes (-Xss)
#   Set larger code cache with -XX:ReservedCodeCacheSize=
#   JVM is running with Unscaled Compressed Oops mode in which the Java heap is
#     placed in the first 4GB address space. The Java Heap base address is the
#     maximum limit for the native heap growth. Please use -XX:HeapBaseMinAddress
#     to set the Java Heap base and to place the Java Heap above 4GB virtual address.
# This output file may be truncated or incomplete.
#
#  Out of Memory Error (allocation.cpp:44), pid=24136, tid=23360
#
# JRE version:  (17.0.11) (build )
# Java VM: OpenJDK 64-Bit Server VM (17.0.11+0--11852314, mixed mode, sharing, tiered, compressed oops, compressed class ptrs, g1 gc, windows-amd64)
# No core dump will be written. Minidumps are not enabled by default on client versions of Windows
#

---------------  S U M M A R Y ------------

Command Line: 

Host: Intel(R) Core(TM) i7-7820HQ CPU @ 2.90GHz, 8 cores, 15G,  Windows 10 , 64 bit Build 19041 (10.0.19041.4717)
Time: Mon Sep  2 15:38:06 2024 Egypt Daylight Time elapsed time: 0.008712 seconds (0d 0h 0m 0s)

---------------  T H R E A D  ---------------

Current thread (0x00000222ea72db40):  JavaThread "Unknown thread" [_thread_in_vm, id=23360, stack(0x0000008909c00000,0x0000008909d00000)]

Stack: [0x0000008909c00000,0x0000008909d00000]
Native frames: (J=compiled Java code, j=interpreted, Vv=VM code, C=native code)
V  [jvm.dll+0x687bb9]
V  [jvm.dll+0x84142a]
V  [jvm.dll+0x8430ae]
V  [jvm.dll+0x843713]
V  [jvm.dll+0x24a35f]
V  [jvm.dll+0xa6cc3]
V  [jvm.dll+0x2dc984]
V  [jvm.dll+0x811eec]
V  [jvm.dll+0x36fb68]
V  [jvm.dll+0x7f0896]
V  [jvm.dll+0x3f3d2f]
V  [jvm.dll+0x3f58e1]
C  [jli.dll+0x528f]
C  [ucrtbase.dll+0x21bb2]
C  [KERNEL32.DLL+0x17374]
C  [ntdll.dll+0x4cc91]


---------------  P R O C E S S  ---------------

Threads class SMR info:
_java_thread_list=0x00007ff9eba5efd8, length=0, elements={
}

Java Threads: ( => current thread )

Other Threads:

=>0x00000222ea72db40 (exited) JavaThread "Unknown thread" [_thread_in_vm, id=23360, stack(0x0000008909c00000,0x0000008909d00000)]

Threads with active compile tasks:

VM state: not at safepoint (not fully initialized)

VM Mutex/Monitor currently owned by a thread: None

Heap address: 0x0000000000000000, size: 0 MB, Compressed Oops mode: 32-bit

CDS archive(s) mapped at: [0x0000000000000000-0x0000000000000000-0x0000000000000000), size 0, SharedBaseAddress: 0x0000000800000000, ArchiveRelocationMode: 1.
Narrow klass base: 0x0000000000000000, Narrow klass shift: 0, Narrow klass range: 0x0

GC Precious Log:
<Empty>

GC Heap History (0 events):
No events

Dll operation events (1 events):
Event: 0.006 Loaded shared library C:\Program Files\Android\Android Studio\jbr\bin\java.dll

Deoptimization events (0 events):
No events

Classes unloaded (0 events):
No events

Classes redefined (0 events):
No events

Internal exceptions (0 events):
No events

VM Operations (0 events):
No events

Events (0 events):
No events


Dynamic libraries:
0x00007ff6dabe0000 - 0x00007ff6dabea000 	C:\Program Files\Android\Android Studio\jbr\bin\java.EXE
0x00007ffa5c450000 - 0x00007ffa5c648000 	C:\Windows\SYSTEM32\ntdll.dll
0x00007ffa5ab70000 - 0x00007ffa5ac31000 	C:\Windows\System32\KERNEL32.DLL
0x00007ffa59e40000 - 0x00007ffa5a13d000 	C:\Windows\System32\KERNELBASE.dll
0x00007ffa59cf0000 - 0x00007ffa59df0000 	C:\Windows\System32\ucrtbase.dll
0x00007ffa52870000 - 0x00007ffa52887000 	C:\Program Files\Android\Android Studio\jbr\bin\jli.dll
0x00007ffa527f0000 - 0x00007ffa5280b000 	C:\Program Files\Android\Android Studio\jbr\bin\VCRUNTIME140.dll
0x00007ffa5a9d0000 - 0x00007ffa5ab6d000 	C:\Windows\System32\USER32.dll
0x00007ffa45640000 - 0x00007ffa458da000 	C:\Windows\WinSxS\amd64_microsoft.windows.common-controls_6595b64144ccf1df_6.0.19041.4355_none_60b8b9eb71f62e16\COMCTL32.dll
0x00007ffa5a220000 - 0x00007ffa5a242000 	C:\Windows\System32\win32u.dll
0x00007ffa5acf0000 - 0x00007ffa5ad1b000 	C:\Windows\System32\GDI32.dll
0x00007ffa5b490000 - 0x00007ffa5b52e000 	C:\Windows\System32\msvcrt.dll
0x00007ffa5a250000 - 0x00007ffa5a367000 	C:\Windows\System32\gdi32full.dll
0x00007ffa5a370000 - 0x00007ffa5a40d000 	C:\Windows\System32\msvcp_win.dll
0x00007ffa5bd10000 - 0x00007ffa5bd3f000 	C:\Windows\System32\IMM32.DLL
0x00007ffa527e0000 - 0x00007ffa527ec000 	C:\Program Files\Android\Android Studio\jbr\bin\vcruntime140_1.dll
0x00007ffa24ba0000 - 0x00007ffa24c2d000 	C:\Program Files\Android\Android Studio\jbr\bin\msvcp140.dll
0x00007ff9eaf20000 - 0x00007ff9ebba3000 	C:\Program Files\Android\Android Studio\jbr\bin\server\jvm.dll
0x00007ffa5be10000 - 0x00007ffa5bec0000 	C:\Windows\System32\ADVAPI32.dll
0x00007ffa5bf40000 - 0x00007ffa5bfe0000 	C:\Windows\System32\sechost.dll
0x00007ffa5bbe0000 - 0x00007ffa5bd03000 	C:\Windows\System32\RPCRT4.dll
0x00007ffa5a140000 - 0x00007ffa5a167000 	C:\Windows\System32\bcrypt.dll
0x00007ffa59030000 - 0x00007ffa5907b000 	C:\Windows\SYSTEM32\POWRPROF.dll
0x00007ffa51e20000 - 0x00007ffa51e29000 	C:\Windows\SYSTEM32\WSOCK32.dll
0x00007ffa45b60000 - 0x00007ffa45b87000 	C:\Windows\SYSTEM32\WINMM.dll
0x00007ffa5b8f0000 - 0x00007ffa5b95b000 	C:\Windows\System32\WS2_32.dll
0x00007ffa52cd0000 - 0x00007ffa52cda000 	C:\Windows\SYSTEM32\VERSION.dll
0x00007ffa58ef0000 - 0x00007ffa58f02000 	C:\Windows\SYSTEM32\UMPDC.dll
0x00007ffa58310000 - 0x00007ffa58322000 	C:\Windows\SYSTEM32\kernel.appcore.dll
0x00007ffa518b0000 - 0x00007ffa518ba000 	C:\Program Files\Android\Android Studio\jbr\bin\jimage.dll
0x00007ffa57860000 - 0x00007ffa57a44000 	C:\Windows\SYSTEM32\DBGHELP.DLL
0x00007ffa419c0000 - 0x00007ffa419f4000 	C:\Windows\SYSTEM32\dbgcore.DLL
0x00007ffa59c60000 - 0x00007ffa59ce2000 	C:\Windows\System32\bcryptPrimitives.dll
0x00007ffa50f50000 - 0x00007ffa50f75000 	C:\Program Files\Android\Android Studio\jbr\bin\java.dll

dbghelp: loaded successfully - version: 4.0.5 - missing functions: none
symbol engine: initialized successfully - sym options: 0x614 - pdb path: .;C:\Program Files\Android\Android Studio\jbr\bin;C:\Windows\SYSTEM32;C:\Windows\WinSxS\amd64_microsoft.windows.common-controls_6595b64144ccf1df_6.0.19041.4355_none_60b8b9eb71f62e16;C:\Program Files\Android\Android Studio\jbr\bin\server

VM Arguments:
java_command: <unknown>
java_class_path (initial): <not set>
Launcher Type: SUN_STANDARD

[Global flags]
     intx CICompilerCount                          = 4                                         {product} {ergonomic}
     uint ConcGCThreads                            = 2                                         {product} {ergonomic}
     uint G1ConcRefinementThreads                  = 8                                         {product} {ergonomic}
   size_t G1HeapRegionSize                         = 2097152                                   {product} {ergonomic}
    uintx GCDrainStackTargetSize                   = 64                                        {product} {ergonomic}
   size_t InitialHeapSize                          = 266338304                                 {product} {ergonomic}
   size_t MarkStackSize                            = 4194304                                   {product} {ergonomic}
   size_t MaxHeapSize                              = 4257218560                                {product} {ergonomic}
   size_t MinHeapDeltaBytes                        = 2097152                                   {product} {ergonomic}
   size_t MinHeapSize                              = 8388608                                   {product} {ergonomic}
    uintx NonNMethodCodeHeapSize                   = 5839372                                {pd product} {ergonomic}
    uintx NonProfiledCodeHeapSize                  = 122909434                              {pd product} {ergonomic}
    uintx ProfiledCodeHeapSize                     = 122909434                              {pd product} {ergonomic}
    uintx ReservedCodeCacheSize                    = 251658240                              {pd product} {ergonomic}
     bool SegmentedCodeCache                       = true                                      {product} {ergonomic}
   size_t SoftMaxHeapSize                          = 4257218560                             {manageable} {ergonomic}
     bool UseCompressedClassPointers               = true                           {product lp64_product} {ergonomic}
     bool UseCompressedOops                        = true                           {product lp64_product} {ergonomic}
     bool UseG1GC                                  = true                                      {product} {ergonomic}
     bool UseLargePagesIndividualAllocation        = false                                  {pd product} {ergonomic}

Logging:
Log output configuration:
 #0: stdout all=warning uptime,level,tags
 #1: stderr all=off uptime,level,tags

Environment Variables:
JAVA_HOME=C:\Program Files\Java\jdk-21\
PATH=C:\flutter\bin\;D:\VMware Workstation\bin\;C:\ProgramData\Oracle\Java\javapath;C:\Windows\system32;C:\Windows;C:\Windows\System32\Wbem;C:\Windows\System32\WindowsPowerShell\v1.0\;C:\Windows\System32\OpenSSH\;C:\Program Files\Java\jdk-21\bin;D:\New folder\bin;D:\Windows Kits\10\Windows Performance Toolkit\;C:\Users\Dell\AppData\Local\Microsoft\WindowsApps;D:\CodeblocksCPC2024\CodeBlocks\MinGW\bin;C:\Program Files\CodeBlocks\MinGW\bin;C:\Users\Dell\AppData\Local\Programs\Microsoft VS Code\bin;C:\Program Files\JetBrains\PyCharm 2024.1.4\bin;;C:\flutter\bin;;C:\flutter\bin\mingit\cmd
USERNAME=Dell
LANG=en_US.UTF-8
OS=Windows_NT
PROCESSOR_IDENTIFIER=Intel64 Family 6 Model 158 Stepping 9, GenuineIntel
TMP=C:\Users\Dell\AppData\Local\Temp
TEMP=C:\Users\Dell\AppData\Local\Temp



Periodic native trim disabled

JNI global refs:
JNI global refs: 0, weak refs: 0

JNI global refs memory usage: 0, weak refs: 0

Process memory usage:
Resident Set Size: 10148K (0% of 16622604K total physical memory with 3406600K free physical memory)

OOME stack traces (most recent first):
Classloader memory used:


---------------  S Y S T E M  ---------------

OS:
 Windows 10 , 64 bit Build 19041 (10.0.19041.4717)
OS uptime: 1 days 8:48 hours

CPU: total 8 (initial active 8) (4 cores per cpu, 2 threads per core) family 6 model 158 stepping 9 microcode 0xea, cx8, cmov, fxsr, ht, mmx, 3dnowpref, sse, sse2, sse3, ssse3, sse4.1, sse4.2, popcnt, lzcnt, tsc, tscinvbit, avx, avx2, aes, erms, clmul, bmi1, bmi2, rtm, adx, fma, vzeroupper, clflush, clflushopt
Processor Information for all 8 processors :
  Max Mhz: 2901, Current Mhz: 2901, Mhz Limit: 2901

Memory: 4k page, system-wide physical 16233M (3326M free)
TotalPageFile size 22547M (AvailPageFile size 5M)
current process WorkingSet (physical memory assigned to process): 9M, peak: 9M
current process commit charge ("private bytes"): 14M, peak: 15M

vm_info: OpenJDK 64-Bit Server VM (17.0.11+0--11852314) for windows-amd64 JRE (17.0.11+0--11852314), built on May 16 2024 21:29:20 by "androidbuild" with MS VC++ 16.10 / 16.11 (VS2019)

END.
