#
# There is insufficient memory for the Java Runtime Environment to continue.
# Native memory allocation (mmap) failed to map 65536 bytes. Error detail: Failed to commit metaspace.
# Possible reasons:
#   The system is out of physical RAM or swap space
#   This process is running with CompressedOops enabled, and the Java Heap may be blocking the growth of the native heap
# Possible solutions:
#   Reduce memory load on the system
#   Increase physical memory or swap space
#   Check if swap backing store is full
#   Decrease Java heap size (-Xmx/-Xms)
#   Decrease number of Java threads
#   Decrease Java thread stack sizes (-Xss)
#   Set larger code cache with -XX:ReservedCodeCacheSize=
#   JVM is running with Zero Based Compressed Oops mode in which the Java heap is
#     placed in the first 32GB address space. The Java Heap base address is the
#     maximum limit for the native heap growth. Please use -XX:HeapBaseMinAddress
#     to set the Java Heap base and to place the Java Heap above 32GB virtual address.
# This output file may be truncated or incomplete.
#
#  Out of Memory Error (virtualSpaceNode.cpp:110), pid=17912, tid=10920
#
# JRE version: OpenJDK Runtime Environment (17.0.11) (build 17.0.11+0--11852314)
# Java VM: OpenJDK 64-Bit Server VM (17.0.11+0--11852314, mixed mode, tiered, compressed oops, compressed class ptrs, g1 gc, windows-amd64)
# No core dump will be written. Minidumps are not enabled by default on client versions of Windows
#

---------------  S U M M A R Y ------------

Command Line: -Dorg.gradle.appname=gradlew org.gradle.wrapper.GradleWrapperMain -q -Ptarget-platform=android-x64 -Ptarget=D:\flutter projects\flutter_application_2\lib\main.dart -Pbase-application-name=android.app.Application -Pdart-defines=RkxVVFRFUl9XRUJfQVVUT19ERVRFQ1Q9dHJ1ZQ==,RkxVVFRFUl9XRUJfQ0FOVkFTS0lUX1VSTD1odHRwczovL3d3dy5nc3RhdGljLmNvbS9mbHV0dGVyLWNhbnZhc2tpdC9jNGNkNDhlMTg2NDYwYjMyZDQ0NTg1Y2UzYzEwMzI3MWFiNjc2MzU1Lw== -Pdart-obfuscation=false -Ptrack-widget-creation=true -Ptree-shake-icons=false -Pfilesystem-scheme=org-dartlang-root assembleDebug

Host: Intel(R) Core(TM) i7-7820HQ CPU @ 2.90GHz, 8 cores, 15G,  Windows 10 , 64 bit Build 19041 (10.0.19041.4717)
Time: Sat Aug 31 01:43:57 2024 Egypt Daylight Time elapsed time: 42.552879 seconds (0d 0h 0m 42s)

---------------  T H R E A D  ---------------

Current thread (0x0000023a0a0b01e0):  JavaThread "C1 CompilerThread0" daemon [_thread_in_vm, id=10920, stack(0x0000005294b00000,0x0000005294c00000)]


Current CompileTask:
C1:  42552 1567       3       org.gradle.internal.logging.text.AbstractLineChoppingStyledTextOutput$1::execute (140 bytes)

Stack: [0x0000005294b00000,0x0000005294c00000]
Native frames: (J=compiled Java code, j=interpreted, Vv=VM code, C=native code)
V  [jvm.dll+0x687bb9]
V  [jvm.dll+0x84142a]
V  [jvm.dll+0x8430ae]
V  [jvm.dll+0x843713]
V  [jvm.dll+0x24a35f]
V  [jvm.dll+0x83c2bb]
V  [jvm.dll+0x62c046]
V  [jvm.dll+0x1c2bde]
V  [jvm.dll+0x62e9a1]
V  [jvm.dll+0x62c9e6]
V  [jvm.dll+0x63dd8a]
V  [jvm.dll+0x636aea]
V  [jvm.dll+0x1cee10]
V  [jvm.dll+0x1cf000]
V  [jvm.dll+0x1495f1]
V  [jvm.dll+0x149435]
V  [jvm.dll+0x140c68]
V  [jvm.dll+0x143225]
V  [jvm.dll+0x141504]
V  [jvm.dll+0x13b44f]
V  [jvm.dll+0x14b096]
V  [jvm.dll+0x136bd0]
V  [jvm.dll+0x136f30]
V  [jvm.dll+0x1371f6]
V  [jvm.dll+0x13668a]
V  [jvm.dll+0x138341]
V  [jvm.dll+0x22b1ee]
V  [jvm.dll+0x229375]
V  [jvm.dll+0x7f5647]
V  [jvm.dll+0x7efa4a]
V  [jvm.dll+0x686a35]
C  [ucrtbase.dll+0x21bb2]
C  [KERNEL32.DLL+0x17374]
C  [ntdll.dll+0x4cc91]


---------------  P R O C E S S  ---------------

Threads class SMR info:
_java_thread_list=0x0000023a0b2a2360, length=14, elements={
0x0000023a669346a0, 0x0000023a0a02c2f0, 0x0000023a0a02d080, 0x0000023a0a07ef70,
0x0000023a0a082d70, 0x0000023a0a0ae400, 0x0000023a0a0aecd0, 0x0000023a0a0af8d0,
0x0000023a0a0b01e0, 0x0000023a0a0be820, 0x0000023a0a222e10, 0x0000023a0a235600,
0x0000023a0b15d600, 0x0000023a0b6a1090
}

Java Threads: ( => current thread )
  0x0000023a669346a0 JavaThread "main" [_thread_in_vm, id=1000, stack(0x0000005293d00000,0x0000005293e00000)]
  0x0000023a0a02c2f0 JavaThread "Reference Handler" daemon [_thread_blocked, id=13952, stack(0x0000005294400000,0x0000005294500000)]
  0x0000023a0a02d080 JavaThread "Finalizer" daemon [_thread_blocked, id=17276, stack(0x0000005294500000,0x0000005294600000)]
  0x0000023a0a07ef70 JavaThread "Signal Dispatcher" daemon [_thread_blocked, id=1744, stack(0x0000005294600000,0x0000005294700000)]
  0x0000023a0a082d70 JavaThread "Attach Listener" daemon [_thread_blocked, id=15004, stack(0x0000005294700000,0x0000005294800000)]
  0x0000023a0a0ae400 JavaThread "Service Thread" daemon [_thread_blocked, id=7172, stack(0x0000005294800000,0x0000005294900000)]
  0x0000023a0a0aecd0 JavaThread "Monitor Deflation Thread" daemon [_thread_blocked, id=20016, stack(0x0000005294900000,0x0000005294a00000)]
  0x0000023a0a0af8d0 JavaThread "C2 CompilerThread0" daemon [_thread_blocked, id=10228, stack(0x0000005294a00000,0x0000005294b00000)]
=>0x0000023a0a0b01e0 JavaThread "C1 CompilerThread0" daemon [_thread_in_vm, id=10920, stack(0x0000005294b00000,0x0000005294c00000)]
  0x0000023a0a0be820 JavaThread "Sweeper thread" daemon [_thread_blocked, id=2484, stack(0x0000005294c00000,0x0000005294d00000)]
  0x0000023a0a222e10 JavaThread "Notification Thread" daemon [_thread_blocked, id=21984, stack(0x0000005294d00000,0x0000005294e00000)]
  0x0000023a0a235600 JavaThread "Common-Cleaner" daemon [_thread_blocked, id=11412, stack(0x0000005294f00000,0x0000005295000000)]
  0x0000023a0b15d600 JavaThread "pool-1-thread-1" [_thread_blocked, id=22204, stack(0x0000005295700000,0x0000005295800000)]
  0x0000023a0b6a1090 JavaThread "DisconnectableInputStream source reader" daemon [_thread_in_native, id=13764, stack(0x0000005295100000,0x0000005295200000)]

Other Threads:
  0x0000023a0a063a40 VMThread "VM Thread" [stack: 0x0000005294300000,0x0000005294400000] [id=3464]
  0x0000023a0a2232f0 WatcherThread [stack: 0x0000005294e00000,0x0000005294f00000] [id=6040]
  0x0000023a669a0ba0 GCTaskThread "GC Thread#0" [stack: 0x0000005293e00000,0x0000005293f00000] [id=13328]
  0x0000023a0adb9f80 GCTaskThread "GC Thread#1" [stack: 0x0000005295200000,0x0000005295300000] [id=8796]
  0x0000023a0b40abe0 GCTaskThread "GC Thread#2" [stack: 0x0000005295300000,0x0000005295400000] [id=21052]
  0x0000023a0b0f1140 GCTaskThread "GC Thread#3" [stack: 0x0000005295400000,0x0000005295500000] [id=17412]
  0x0000023a0b974010 GCTaskThread "GC Thread#4" [stack: 0x0000005295500000,0x0000005295600000] [id=22144]
  0x0000023a0b9742d0 GCTaskThread "GC Thread#5" [stack: 0x0000005295600000,0x0000005295700000] [id=7284]
  0x0000023a669b17c0 ConcurrentGCThread "G1 Main Marker" [stack: 0x0000005293f00000,0x0000005294000000] [id=22296]
  0x0000023a669b20f0 ConcurrentGCThread "G1 Conc#0" [stack: 0x0000005294000000,0x0000005294100000] [id=18616]
  0x0000023a669ede10 ConcurrentGCThread "G1 Refine#0" [stack: 0x0000005294100000,0x0000005294200000] [id=17784]
  0x0000023a669ee750 ConcurrentGCThread "G1 Service" [stack: 0x0000005294200000,0x0000005294300000] [id=11684]

Threads with active compile tasks:
C1 CompilerThread0    42594 1567       3       org.gradle.internal.logging.text.AbstractLineChoppingStyledTextOutput$1::execute (140 bytes)

VM state: not at safepoint (normal execution)

VM Mutex/Monitor currently owned by a thread:  ([mutex/lock_event])
[0x0000023a6692fcc0] Metaspace_lock - owner thread: 0x0000023a0a0b01e0
[0x0000023a66933d30] MethodData_lock - owner thread: 0x0000023a0a0b01e0

OutOfMemory and StackOverflow Exception counts:
OutOfMemoryError java_heap_errors=1
LinkageErrors=19

Heap address: 0x0000000702400000, size: 4060 MB, Compressed Oops mode: Zero based, Oop shift amount: 3

CDS archive(s) not mapped
Compressed class space mapped at: 0x0000000800000000-0x0000000840000000, reserved size: 1073741824
Narrow klass base: 0x0000000800000000, Narrow klass shift: 0, Narrow klass range: 0x40000000

GC Precious Log:
 CPUs: 8 total, 8 available
 Memory: 16233M
 Large Page Support: Disabled
 NUMA Support: Disabled
 Compressed Oops: Enabled (Zero based)
 Heap Region Size: 2M
 Heap Min Capacity: 8M
 Heap Initial Capacity: 254M
 Heap Max Capacity: 4060M
 Pre-touch: Disabled
 Parallel Workers: 8
 Concurrent Workers: 2
 Concurrent Refinement Workers: 8
 Periodic GC: Disabled

Heap:
 garbage-first heap   total 260096K, used 30623K [0x0000000702400000, 0x0000000800000000)
  region size 2048K, 13 young (26624K), 2 survivors (4096K)
 Metaspace       used 17776K, committed 17984K, reserved 1114112K
  class space    used 2042K, committed 2176K, reserved 1048576K

Heap Regions: E=young(eden), S=young(survivor), O=old, HS=humongous(starts), HC=humongous(continues), CS=collection set, F=free, OA=open archive, CA=closed archive, TAMS=top-at-mark-start (previous, next)
|   0|0x0000000702400000, 0x0000000702600000, 0x0000000702600000|100%|HS|  |TAMS 0x0000000702400000, 0x0000000702400000| Complete 
|   1|0x0000000702600000, 0x0000000702800000, 0x0000000702800000|100%|HC|  |TAMS 0x0000000702600000, 0x0000000702600000| Complete 
|   2|0x0000000702800000, 0x00000007029e7c00, 0x0000000702a00000| 95%| O|  |TAMS 0x0000000702800000, 0x0000000702800000| Untracked 
|   3|0x0000000702a00000, 0x0000000702a00000, 0x0000000702c00000|  0%| F|  |TAMS 0x0000000702a00000, 0x0000000702a00000| Untracked 
|   4|0x0000000702c00000, 0x0000000702c00000, 0x0000000702e00000|  0%| F|  |TAMS 0x0000000702c00000, 0x0000000702c00000| Untracked 
|   5|0x0000000702e00000, 0x0000000702e00000, 0x0000000703000000|  0%| F|  |TAMS 0x0000000702e00000, 0x0000000702e00000| Untracked 
|   6|0x0000000703000000, 0x0000000703000000, 0x0000000703200000|  0%| F|  |TAMS 0x0000000703000000, 0x0000000703000000| Untracked 
|   7|0x0000000703200000, 0x0000000703200000, 0x0000000703400000|  0%| F|  |TAMS 0x0000000703200000, 0x0000000703200000| Untracked 
|   8|0x0000000703400000, 0x0000000703400000, 0x0000000703600000|  0%| F|  |TAMS 0x0000000703400000, 0x0000000703400000| Untracked 
|   9|0x0000000703600000, 0x0000000703600000, 0x0000000703800000|  0%| F|  |TAMS 0x0000000703600000, 0x0000000703600000| Untracked 
|  10|0x0000000703800000, 0x0000000703800000, 0x0000000703a00000|  0%| F|  |TAMS 0x0000000703800000, 0x0000000703800000| Untracked 
|  11|0x0000000703a00000, 0x0000000703a00000, 0x0000000703c00000|  0%| F|  |TAMS 0x0000000703a00000, 0x0000000703a00000| Untracked 
|  12|0x0000000703c00000, 0x0000000703c00000, 0x0000000703e00000|  0%| F|  |TAMS 0x0000000703c00000, 0x0000000703c00000| Untracked 
|  13|0x0000000703e00000, 0x0000000703e00000, 0x0000000704000000|  0%| F|  |TAMS 0x0000000703e00000, 0x0000000703e00000| Untracked 
|  14|0x0000000704000000, 0x0000000704000000, 0x0000000704200000|  0%| F|  |TAMS 0x0000000704000000, 0x0000000704000000| Untracked 
|  15|0x0000000704200000, 0x0000000704200000, 0x0000000704400000|  0%| F|  |TAMS 0x0000000704200000, 0x0000000704200000| Untracked 
|  16|0x0000000704400000, 0x0000000704400000, 0x0000000704600000|  0%| F|  |TAMS 0x0000000704400000, 0x0000000704400000| Untracked 
|  17|0x0000000704600000, 0x0000000704600000, 0x0000000704800000|  0%| F|  |TAMS 0x0000000704600000, 0x0000000704600000| Untracked 
|  18|0x0000000704800000, 0x0000000704800000, 0x0000000704a00000|  0%| F|  |TAMS 0x0000000704800000, 0x0000000704800000| Untracked 
|  19|0x0000000704a00000, 0x0000000704a00000, 0x0000000704c00000|  0%| F|  |TAMS 0x0000000704a00000, 0x0000000704a00000| Untracked 
|  20|0x0000000704c00000, 0x0000000704c00000, 0x0000000704e00000|  0%| F|  |TAMS 0x0000000704c00000, 0x0000000704c00000| Untracked 
|  21|0x0000000704e00000, 0x0000000704e00000, 0x0000000705000000|  0%| F|  |TAMS 0x0000000704e00000, 0x0000000704e00000| Untracked 
|  22|0x0000000705000000, 0x0000000705000000, 0x0000000705200000|  0%| F|  |TAMS 0x0000000705000000, 0x0000000705000000| Untracked 
|  23|0x0000000705200000, 0x0000000705200000, 0x0000000705400000|  0%| F|  |TAMS 0x0000000705200000, 0x0000000705200000| Untracked 
|  24|0x0000000705400000, 0x0000000705400000, 0x0000000705600000|  0%| F|  |TAMS 0x0000000705400000, 0x0000000705400000| Untracked 
|  25|0x0000000705600000, 0x0000000705600000, 0x0000000705800000|  0%| F|  |TAMS 0x0000000705600000, 0x0000000705600000| Untracked 
|  26|0x0000000705800000, 0x0000000705800000, 0x0000000705a00000|  0%| F|  |TAMS 0x0000000705800000, 0x0000000705800000| Untracked 
|  27|0x0000000705a00000, 0x0000000705a00000, 0x0000000705c00000|  0%| F|  |TAMS 0x0000000705a00000, 0x0000000705a00000| Untracked 
|  28|0x0000000705c00000, 0x0000000705c00000, 0x0000000705e00000|  0%| F|  |TAMS 0x0000000705c00000, 0x0000000705c00000| Untracked 
|  29|0x0000000705e00000, 0x0000000705e00000, 0x0000000706000000|  0%| F|  |TAMS 0x0000000705e00000, 0x0000000705e00000| Untracked 
|  30|0x0000000706000000, 0x0000000706000000, 0x0000000706200000|  0%| F|  |TAMS 0x0000000706000000, 0x0000000706000000| Untracked 
|  31|0x0000000706200000, 0x0000000706200000, 0x0000000706400000|  0%| F|  |TAMS 0x0000000706200000, 0x0000000706200000| Untracked 
|  32|0x0000000706400000, 0x0000000706400000, 0x0000000706600000|  0%| F|  |TAMS 0x0000000706400000, 0x0000000706400000| Untracked 
|  33|0x0000000706600000, 0x0000000706600000, 0x0000000706800000|  0%| F|  |TAMS 0x0000000706600000, 0x0000000706600000| Untracked 
|  34|0x0000000706800000, 0x0000000706800000, 0x0000000706a00000|  0%| F|  |TAMS 0x0000000706800000, 0x0000000706800000| Untracked 
|  35|0x0000000706a00000, 0x0000000706a00000, 0x0000000706c00000|  0%| F|  |TAMS 0x0000000706a00000, 0x0000000706a00000| Untracked 
|  36|0x0000000706c00000, 0x0000000706c00000, 0x0000000706e00000|  0%| F|  |TAMS 0x0000000706c00000, 0x0000000706c00000| Untracked 
|  37|0x0000000706e00000, 0x0000000706e00000, 0x0000000707000000|  0%| F|  |TAMS 0x0000000706e00000, 0x0000000706e00000| Untracked 
|  38|0x0000000707000000, 0x0000000707000000, 0x0000000707200000|  0%| F|  |TAMS 0x0000000707000000, 0x0000000707000000| Untracked 
|  39|0x0000000707200000, 0x0000000707200000, 0x0000000707400000|  0%| F|  |TAMS 0x0000000707200000, 0x0000000707200000| Untracked 
|  40|0x0000000707400000, 0x0000000707400000, 0x0000000707600000|  0%| F|  |TAMS 0x0000000707400000, 0x0000000707400000| Untracked 
|  41|0x0000000707600000, 0x0000000707600000, 0x0000000707800000|  0%| F|  |TAMS 0x0000000707600000, 0x0000000707600000| Untracked 
|  42|0x0000000707800000, 0x0000000707800000, 0x0000000707a00000|  0%| F|  |TAMS 0x0000000707800000, 0x0000000707800000| Untracked 
|  43|0x0000000707a00000, 0x0000000707a00000, 0x0000000707c00000|  0%| F|  |TAMS 0x0000000707a00000, 0x0000000707a00000| Untracked 
|  44|0x0000000707c00000, 0x0000000707c00000, 0x0000000707e00000|  0%| F|  |TAMS 0x0000000707c00000, 0x0000000707c00000| Untracked 
|  45|0x0000000707e00000, 0x0000000707e00000, 0x0000000708000000|  0%| F|  |TAMS 0x0000000707e00000, 0x0000000707e00000| Untracked 
|  46|0x0000000708000000, 0x0000000708000000, 0x0000000708200000|  0%| F|  |TAMS 0x0000000708000000, 0x0000000708000000| Untracked 
|  47|0x0000000708200000, 0x0000000708200000, 0x0000000708400000|  0%| F|  |TAMS 0x0000000708200000, 0x0000000708200000| Untracked 
|  48|0x0000000708400000, 0x0000000708400000, 0x0000000708600000|  0%| F|  |TAMS 0x0000000708400000, 0x0000000708400000| Untracked 
|  49|0x0000000708600000, 0x0000000708600000, 0x0000000708800000|  0%| F|  |TAMS 0x0000000708600000, 0x0000000708600000| Untracked 
|  50|0x0000000708800000, 0x0000000708800000, 0x0000000708a00000|  0%| F|  |TAMS 0x0000000708800000, 0x0000000708800000| Untracked 
|  51|0x0000000708a00000, 0x0000000708a00000, 0x0000000708c00000|  0%| F|  |TAMS 0x0000000708a00000, 0x0000000708a00000| Untracked 
|  52|0x0000000708c00000, 0x0000000708c00000, 0x0000000708e00000|  0%| F|  |TAMS 0x0000000708c00000, 0x0000000708c00000| Untracked 
|  53|0x0000000708e00000, 0x0000000708e00000, 0x0000000709000000|  0%| F|  |TAMS 0x0000000708e00000, 0x0000000708e00000| Untracked 
|  54|0x0000000709000000, 0x0000000709000000, 0x0000000709200000|  0%| F|  |TAMS 0x0000000709000000, 0x0000000709000000| Untracked 
|  55|0x0000000709200000, 0x0000000709200000, 0x0000000709400000|  0%| F|  |TAMS 0x0000000709200000, 0x0000000709200000| Untracked 
|  56|0x0000000709400000, 0x0000000709400000, 0x0000000709600000|  0%| F|  |TAMS 0x0000000709400000, 0x0000000709400000| Untracked 
|  57|0x0000000709600000, 0x0000000709600000, 0x0000000709800000|  0%| F|  |TAMS 0x0000000709600000, 0x0000000709600000| Untracked 
|  58|0x0000000709800000, 0x0000000709800000, 0x0000000709a00000|  0%| F|  |TAMS 0x0000000709800000, 0x0000000709800000| Untracked 
|  59|0x0000000709a00000, 0x0000000709a00000, 0x0000000709c00000|  0%| F|  |TAMS 0x0000000709a00000, 0x0000000709a00000| Untracked 
|  60|0x0000000709c00000, 0x0000000709c00000, 0x0000000709e00000|  0%| F|  |TAMS 0x0000000709c00000, 0x0000000709c00000| Untracked 
|  61|0x0000000709e00000, 0x0000000709e00000, 0x000000070a000000|  0%| F|  |TAMS 0x0000000709e00000, 0x0000000709e00000| Untracked 
|  62|0x000000070a000000, 0x000000070a000000, 0x000000070a200000|  0%| F|  |TAMS 0x000000070a000000, 0x000000070a000000| Untracked 
|  63|0x000000070a200000, 0x000000070a200000, 0x000000070a400000|  0%| F|  |TAMS 0x000000070a200000, 0x000000070a200000| Untracked 
|  64|0x000000070a400000, 0x000000070a400000, 0x000000070a600000|  0%| F|  |TAMS 0x000000070a400000, 0x000000070a400000| Untracked 
|  65|0x000000070a600000, 0x000000070a600000, 0x000000070a800000|  0%| F|  |TAMS 0x000000070a600000, 0x000000070a600000| Untracked 
|  66|0x000000070a800000, 0x000000070a800000, 0x000000070aa00000|  0%| F|  |TAMS 0x000000070a800000, 0x000000070a800000| Untracked 
|  67|0x000000070aa00000, 0x000000070aa00000, 0x000000070ac00000|  0%| F|  |TAMS 0x000000070aa00000, 0x000000070aa00000| Untracked 
|  68|0x000000070ac00000, 0x000000070ac00000, 0x000000070ae00000|  0%| F|  |TAMS 0x000000070ac00000, 0x000000070ac00000| Untracked 
|  69|0x000000070ae00000, 0x000000070ae00000, 0x000000070b000000|  0%| F|  |TAMS 0x000000070ae00000, 0x000000070ae00000| Untracked 
|  70|0x000000070b000000, 0x000000070b000000, 0x000000070b200000|  0%| F|  |TAMS 0x000000070b000000, 0x000000070b000000| Untracked 
|  71|0x000000070b200000, 0x000000070b200000, 0x000000070b400000|  0%| F|  |TAMS 0x000000070b200000, 0x000000070b200000| Untracked 
|  72|0x000000070b400000, 0x000000070b400000, 0x000000070b600000|  0%| F|  |TAMS 0x000000070b400000, 0x000000070b400000| Untracked 
|  73|0x000000070b600000, 0x000000070b600000, 0x000000070b800000|  0%| F|  |TAMS 0x000000070b600000, 0x000000070b600000| Untracked 
|  74|0x000000070b800000, 0x000000070b800000, 0x000000070ba00000|  0%| F|  |TAMS 0x000000070b800000, 0x000000070b800000| Untracked 
|  75|0x000000070ba00000, 0x000000070ba00000, 0x000000070bc00000|  0%| F|  |TAMS 0x000000070ba00000, 0x000000070ba00000| Untracked 
|  76|0x000000070bc00000, 0x000000070bc00000, 0x000000070be00000|  0%| F|  |TAMS 0x000000070bc00000, 0x000000070bc00000| Untracked 
|  77|0x000000070be00000, 0x000000070be00000, 0x000000070c000000|  0%| F|  |TAMS 0x000000070be00000, 0x000000070be00000| Untracked 
|  78|0x000000070c000000, 0x000000070c000000, 0x000000070c200000|  0%| F|  |TAMS 0x000000070c000000, 0x000000070c000000| Untracked 
|  79|0x000000070c200000, 0x000000070c200000, 0x000000070c400000|  0%| F|  |TAMS 0x000000070c200000, 0x000000070c200000| Untracked 
|  80|0x000000070c400000, 0x000000070c400000, 0x000000070c600000|  0%| F|  |TAMS 0x000000070c400000, 0x000000070c400000| Untracked 
|  81|0x000000070c600000, 0x000000070c600000, 0x000000070c800000|  0%| F|  |TAMS 0x000000070c600000, 0x000000070c600000| Untracked 
|  82|0x000000070c800000, 0x000000070c800000, 0x000000070ca00000|  0%| F|  |TAMS 0x000000070c800000, 0x000000070c800000| Untracked 
|  83|0x000000070ca00000, 0x000000070ca00000, 0x000000070cc00000|  0%| F|  |TAMS 0x000000070ca00000, 0x000000070ca00000| Untracked 
|  84|0x000000070cc00000, 0x000000070cc00000, 0x000000070ce00000|  0%| F|  |TAMS 0x000000070cc00000, 0x000000070cc00000| Untracked 
|  85|0x000000070ce00000, 0x000000070ce00000, 0x000000070d000000|  0%| F|  |TAMS 0x000000070ce00000, 0x000000070ce00000| Untracked 
|  86|0x000000070d000000, 0x000000070d000000, 0x000000070d200000|  0%| F|  |TAMS 0x000000070d000000, 0x000000070d000000| Untracked 
|  87|0x000000070d200000, 0x000000070d200000, 0x000000070d400000|  0%| F|  |TAMS 0x000000070d200000, 0x000000070d200000| Untracked 
|  88|0x000000070d400000, 0x000000070d400000, 0x000000070d600000|  0%| F|  |TAMS 0x000000070d400000, 0x000000070d400000| Untracked 
|  89|0x000000070d600000, 0x000000070d600000, 0x000000070d800000|  0%| F|  |TAMS 0x000000070d600000, 0x000000070d600000| Untracked 
|  90|0x000000070d800000, 0x000000070d800000, 0x000000070da00000|  0%| F|  |TAMS 0x000000070d800000, 0x000000070d800000| Untracked 
|  91|0x000000070da00000, 0x000000070da00000, 0x000000070dc00000|  0%| F|  |TAMS 0x000000070da00000, 0x000000070da00000| Untracked 
|  92|0x000000070dc00000, 0x000000070dc00000, 0x000000070de00000|  0%| F|  |TAMS 0x000000070dc00000, 0x000000070dc00000| Untracked 
|  93|0x000000070de00000, 0x000000070de00000, 0x000000070e000000|  0%| F|  |TAMS 0x000000070de00000, 0x000000070de00000| Untracked 
|  94|0x000000070e000000, 0x000000070e000000, 0x000000070e200000|  0%| F|  |TAMS 0x000000070e000000, 0x000000070e000000| Untracked 
|  95|0x000000070e200000, 0x000000070e200000, 0x000000070e400000|  0%| F|  |TAMS 0x000000070e200000, 0x000000070e200000| Untracked 
|  96|0x000000070e400000, 0x000000070e400000, 0x000000070e600000|  0%| F|  |TAMS 0x000000070e400000, 0x000000070e400000| Untracked 
|  97|0x000000070e600000, 0x000000070e600000, 0x000000070e800000|  0%| F|  |TAMS 0x000000070e600000, 0x000000070e600000| Untracked 
|  98|0x000000070e800000, 0x000000070e800000, 0x000000070ea00000|  0%| F|  |TAMS 0x000000070e800000, 0x000000070e800000| Untracked 
|  99|0x000000070ea00000, 0x000000070ea00000, 0x000000070ec00000|  0%| F|  |TAMS 0x000000070ea00000, 0x000000070ea00000| Untracked 
| 100|0x000000070ec00000, 0x000000070ec00000, 0x000000070ee00000|  0%| F|  |TAMS 0x000000070ec00000, 0x000000070ec00000| Untracked 
| 101|0x000000070ee00000, 0x000000070ee00000, 0x000000070f000000|  0%| F|  |TAMS 0x000000070ee00000, 0x000000070ee00000| Untracked 
| 102|0x000000070f000000, 0x000000070f000000, 0x000000070f200000|  0%| F|  |TAMS 0x000000070f000000, 0x000000070f000000| Untracked 
| 103|0x000000070f200000, 0x000000070f200000, 0x000000070f400000|  0%| F|  |TAMS 0x000000070f200000, 0x000000070f200000| Untracked 
| 104|0x000000070f400000, 0x000000070f400000, 0x000000070f600000|  0%| F|  |TAMS 0x000000070f400000, 0x000000070f400000| Untracked 
| 105|0x000000070f600000, 0x000000070f600000, 0x000000070f800000|  0%| F|  |TAMS 0x000000070f600000, 0x000000070f600000| Untracked 
| 106|0x000000070f800000, 0x000000070f800000, 0x000000070fa00000|  0%| F|  |TAMS 0x000000070f800000, 0x000000070f800000| Untracked 
| 107|0x000000070fa00000, 0x000000070fa00000, 0x000000070fc00000|  0%| F|  |TAMS 0x000000070fa00000, 0x000000070fa00000| Untracked 
| 108|0x000000070fc00000, 0x000000070fc00000, 0x000000070fe00000|  0%| F|  |TAMS 0x000000070fc00000, 0x000000070fc00000| Untracked 
| 109|0x000000070fe00000, 0x000000070fe00000, 0x0000000710000000|  0%| F|  |TAMS 0x000000070fe00000, 0x000000070fe00000| Untracked 
| 110|0x0000000710000000, 0x0000000710000000, 0x0000000710200000|  0%| F|  |TAMS 0x0000000710000000, 0x0000000710000000| Untracked 
| 111|0x0000000710200000, 0x0000000710200000, 0x0000000710400000|  0%| F|  |TAMS 0x0000000710200000, 0x0000000710200000| Untracked 
| 112|0x0000000710400000, 0x0000000710400000, 0x0000000710600000|  0%| F|  |TAMS 0x0000000710400000, 0x0000000710400000| Untracked 
| 113|0x0000000710600000, 0x0000000710600000, 0x0000000710800000|  0%| F|  |TAMS 0x0000000710600000, 0x0000000710600000| Untracked 
| 114|0x0000000710800000, 0x0000000710a00000, 0x0000000710a00000|100%| S|CS|TAMS 0x0000000710800000, 0x0000000710800000| Complete 
| 115|0x0000000710a00000, 0x0000000710c00000, 0x0000000710c00000|100%| S|CS|TAMS 0x0000000710a00000, 0x0000000710a00000| Complete 
| 116|0x0000000710c00000, 0x0000000710c7b668, 0x0000000710e00000| 24%| E|  |TAMS 0x0000000710c00000, 0x0000000710c00000| Complete 
| 117|0x0000000710e00000, 0x0000000711000000, 0x0000000711000000|100%| E|CS|TAMS 0x0000000710e00000, 0x0000000710e00000| Complete 
| 118|0x0000000711000000, 0x0000000711200000, 0x0000000711200000|100%| E|CS|TAMS 0x0000000711000000, 0x0000000711000000| Complete 
| 119|0x0000000711200000, 0x0000000711400000, 0x0000000711400000|100%| E|CS|TAMS 0x0000000711200000, 0x0000000711200000| Complete 
| 120|0x0000000711400000, 0x0000000711600000, 0x0000000711600000|100%| E|CS|TAMS 0x0000000711400000, 0x0000000711400000| Complete 
| 121|0x0000000711600000, 0x0000000711800000, 0x0000000711800000|100%| E|CS|TAMS 0x0000000711600000, 0x0000000711600000| Complete 
| 122|0x0000000711800000, 0x0000000711a00000, 0x0000000711a00000|100%| E|CS|TAMS 0x0000000711800000, 0x0000000711800000| Complete 
| 123|0x0000000711a00000, 0x0000000711c00000, 0x0000000711c00000|100%| E|CS|TAMS 0x0000000711a00000, 0x0000000711a00000| Complete 
| 124|0x0000000711c00000, 0x0000000711e00000, 0x0000000711e00000|100%| E|CS|TAMS 0x0000000711c00000, 0x0000000711c00000| Complete 
| 125|0x0000000711e00000, 0x0000000712000000, 0x0000000712000000|100%| E|CS|TAMS 0x0000000711e00000, 0x0000000711e00000| Complete 
| 126|0x0000000712000000, 0x0000000712200000, 0x0000000712200000|100%| E|CS|TAMS 0x0000000712000000, 0x0000000712000000| Complete 

Card table byte_map: [0x0000023a79930000,0x0000023a7a120000] _byte_map_base: 0x0000023a7611e000

Marking Bits (Prev, Next): (CMBitMap*) 0x0000023a669a10d0, (CMBitMap*) 0x0000023a669a1110
 Prev Bits: [0x0000023a7a910000, 0x0000023a7e880000)
 Next Bits: [0x0000023a00000000, 0x0000023a03f70000)

Polling page: 0x0000023a64860000

Metaspace:

Usage:
  Non-class:     15.37 MB used.
      Class:      2.00 MB used.
       Both:     17.36 MB used.

Virtual space:
  Non-class space:       64.00 MB reserved,      15.44 MB ( 24%) committed,  1 nodes.
      Class space:        1.00 GB reserved,       2.12 MB ( <1%) committed,  1 nodes.
             Both:        1.06 GB reserved,      17.56 MB (  2%) committed. 

Chunk freelists:
   Non-Class:  112.00 KB
       Class:  13.73 MB
        Both:  13.83 MB

MaxMetaspaceSize: unlimited
CompressedClassSpaceSize: 1.00 GB
Initial GC threshold: 21.00 MB
Current GC threshold: 21.00 MB
CDS: off
MetaspaceReclaimPolicy: balanced
 - commit_granule_bytes: 65536.
 - commit_granule_words: 8192.
 - virtual_space_node_default_size: 8388608.
 - enlarge_chunks_in_place: 1.
 - new_chunks_are_fully_committed: 0.
 - uncommit_free_chunks: 1.
 - use_allocation_guard: 0.
 - handle_deallocations: 1.


Internal statistics:

num_allocs_failed_limit: 0.
num_arena_births: 88.
num_arena_deaths: 0.
num_vsnodes_births: 2.
num_vsnodes_deaths: 0.
num_space_committed: 281.
num_space_uncommitted: 0.
num_chunks_returned_to_freelist: 0.
num_chunks_taken_from_freelist: 337.
num_chunk_merges: 0.
num_chunk_splits: 222.
num_chunks_enlarged: 185.
num_inconsistent_stats: 0.

CodeHeap 'non-profiled nmethods': size=120000Kb used=611Kb max_used=611Kb free=119388Kb
 bounds [0x0000023a718e0000, 0x0000023a71b50000, 0x0000023a78e10000]
CodeHeap 'profiled nmethods': size=120000Kb used=3007Kb max_used=3007Kb free=116993Kb
 bounds [0x0000023a69e10000, 0x0000023a6a100000, 0x0000023a71340000]
CodeHeap 'non-nmethods': size=5760Kb used=1173Kb max_used=1202Kb free=4586Kb
 bounds [0x0000023a71340000, 0x0000023a715b0000, 0x0000023a718e0000]
 total_blobs=2037 nmethods=1566 adapters=384
 compilation: enabled
              stopped_count=0, restarted_count=0
 full_count=0

Compilation events (20 events):
Event: 42.377 Thread 0x0000023a0a0b01e0 1554       3       sun.nio.ch.WEPoll::getEvents (13 bytes)
Event: 42.377 Thread 0x0000023a0a0b01e0 nmethod 1554 0x0000023a6a0fba10 code [0x0000023a6a0fbba0, 0x0000023a6a0fbcf8]
Event: 42.377 Thread 0x0000023a0a0b01e0 1555       3       sun.nio.ch.WEPollSelectorImpl::toReadyOps (58 bytes)
Event: 42.377 Thread 0x0000023a0a0b01e0 nmethod 1555 0x0000023a6a0fbe10 code [0x0000023a6a0fbfa0, 0x0000023a6a0fc198]
Event: 42.377 Thread 0x0000023a0a0b01e0 1556       3       sun.nio.ch.SelectorImpl::processReadyEvents (115 bytes)
Event: 42.378 Thread 0x0000023a0a0b01e0 nmethod 1556 0x0000023a6a0fc210 code [0x0000023a6a0fc480, 0x0000023a6a0fd048]
Event: 42.378 Thread 0x0000023a0a0b01e0 1557       3       java.nio.MappedByteBuffer::clear (5 bytes)
Event: 42.378 Thread 0x0000023a0a0b01e0 nmethod 1557 0x0000023a6a0fd410 code [0x0000023a6a0fd5c0, 0x0000023a6a0fd7f8]
Event: 42.378 Thread 0x0000023a0a0b01e0 1558       3       java.nio.MappedByteBuffer::clear (7 bytes)
Event: 42.378 Thread 0x0000023a0a0b01e0 nmethod 1558 0x0000023a6a0fd910 code [0x0000023a6a0fdac0, 0x0000023a6a0fdc98]
Event: 42.386 Thread 0x0000023a0a0af8d0 1561       4       java.util.HashMap::get (19 bytes)
Event: 42.391 Thread 0x0000023a0a0af8d0 nmethod 1561 0x0000023a71977b10 code [0x0000023a71977ca0, 0x0000023a71977ff8]
Event: 42.546 Thread 0x0000023a0a0b01e0 1563       3       java.lang.invoke.MethodType::insertParameterTypes (121 bytes)
Event: 42.547 Thread 0x0000023a0a0b01e0 nmethod 1563 0x0000023a6a0fdd90 code [0x0000023a6a0fe060, 0x0000023a6a0fee68]
Event: 42.550 Thread 0x0000023a0a0b01e0 1564       3       java.lang.invoke.MethodHandles$Lookup::hasFullPrivilegeAccess (18 bytes)
Event: 42.550 Thread 0x0000023a0a0b01e0 nmethod 1564 0x0000023a6a0ff390 code [0x0000023a6a0ff520, 0x0000023a6a0ff698]
Event: 42.551 Thread 0x0000023a0a0af8d0 1565  s    4       jdk.internal.perf.PerfCounter::add (18 bytes)
Event: 42.551 Thread 0x0000023a0a0b01e0 1566       3       org.gradle.internal.logging.text.AbstractLineChoppingStyledTextOutput$1::execute (9 bytes)
Event: 42.551 Thread 0x0000023a0a0b01e0 nmethod 1566 0x0000023a6a0ff710 code [0x0000023a6a0ff8c0, 0x0000023a6a0ffb08]
Event: 42.551 Thread 0x0000023a0a0b01e0 1567       3       org.gradle.internal.logging.text.AbstractLineChoppingStyledTextOutput$1::execute (140 bytes)

GC Heap History (2 events):
Event: 0.624 GC heap before
{Heap before GC invocations=0 (full 0):
 garbage-first heap   total 260096K, used 24576K [0x0000000702400000, 0x0000000800000000)
  region size 2048K, 11 young (22528K), 0 survivors (0K)
 Metaspace       used 11060K, committed 11264K, reserved 1114112K
  class space    used 1147K, committed 1216K, reserved 1048576K
}
Event: 0.628 GC heap after
{Heap after GC invocations=1 (full 0):
 garbage-first heap   total 260096K, used 10143K [0x0000000702400000, 0x0000000800000000)
  region size 2048K, 2 young (4096K), 2 survivors (4096K)
 Metaspace       used 11060K, committed 11264K, reserved 1114112K
  class space    used 1147K, committed 1216K, reserved 1048576K
}

Dll operation events (2 events):
Event: 0.006 Loaded shared library C:\Program Files\Android\Android Studio\jbr\bin\java.dll
Event: 0.103 Loaded shared library C:\Program Files\Android\Android Studio\jbr\bin\verify.dll

Deoptimization events (20 events):
Event: 1.193 Thread 0x0000023a0b59fe30 Uncommon trap: trap_request=0xffffff45 fr.pc=0x0000023a718f8b5c relative=0x000000000000005c
Event: 1.193 Thread 0x0000023a0b59fe30 Uncommon trap: reason=unstable_if action=reinterpret pc=0x0000023a718f8b5c method=java.lang.AbstractStringBuilder.isLatin1()Z @ 10 c2
Event: 1.193 Thread 0x0000023a0b59fe30 DEOPT PACKING pc=0x0000023a718f8b5c sp=0x00000052951fe820
Event: 1.193 Thread 0x0000023a0b59fe30 DEOPT UNPACKING pc=0x0000023a713969a3 sp=0x00000052951fe7b0 mode 2
Event: 1.194 Thread 0x0000023a0b59fe30 Uncommon trap: trap_request=0xffffff45 fr.pc=0x0000023a7194b0a0 relative=0x0000000000000400
Event: 1.194 Thread 0x0000023a0b59fe30 Uncommon trap: reason=unstable_if action=reinterpret pc=0x0000023a7194b0a0 method=java.lang.AbstractStringBuilder.isLatin1()Z @ 10 c2
Event: 1.194 Thread 0x0000023a0b59fe30 DEOPT PACKING pc=0x0000023a7194b0a0 sp=0x00000052951fea10
Event: 1.194 Thread 0x0000023a0b59fe30 DEOPT UNPACKING pc=0x0000023a713969a3 sp=0x00000052951fe990 mode 2
Event: 2.919 Thread 0x0000023a0b6a1090 Uncommon trap: trap_request=0xffffff45 fr.pc=0x0000023a71943ebc relative=0x0000000000000d1c
Event: 2.919 Thread 0x0000023a0b6a1090 Uncommon trap: reason=unstable_if action=reinterpret pc=0x0000023a71943ebc method=java.util.concurrent.ConcurrentHashMap.putVal(Ljava/lang/Object;Ljava/lang/Object;Z)Ljava/lang/Object; @ 97 c2
Event: 2.919 Thread 0x0000023a0b6a1090 DEOPT PACKING pc=0x0000023a71943ebc sp=0x00000052959fde50
Event: 2.919 Thread 0x0000023a0b6a1090 DEOPT UNPACKING pc=0x0000023a713969a3 sp=0x00000052959fddd8 mode 2
Event: 2.938 Thread 0x0000023a669346a0 Uncommon trap: trap_request=0xffffff45 fr.pc=0x0000023a71917a88 relative=0x0000000000001168
Event: 2.938 Thread 0x0000023a669346a0 Uncommon trap: reason=unstable_if action=reinterpret pc=0x0000023a71917a88 method=java.util.HashMap.putVal(ILjava/lang/Object;Ljava/lang/Object;ZZ)Ljava/lang/Object; @ 162 c2
Event: 2.938 Thread 0x0000023a669346a0 DEOPT PACKING pc=0x0000023a71917a88 sp=0x0000005293dfa210
Event: 2.938 Thread 0x0000023a669346a0 DEOPT UNPACKING pc=0x0000023a713969a3 sp=0x0000005293dfa158 mode 2
Event: 42.543 Thread 0x0000023a669346a0 Uncommon trap: trap_request=0xffffff45 fr.pc=0x0000023a71976a0c relative=0x000000000000016c
Event: 42.543 Thread 0x0000023a669346a0 Uncommon trap: reason=unstable_if action=reinterpret pc=0x0000023a71976a0c method=com.esotericsoftware.kryo.io.Input.require(I)I @ 180 c2
Event: 42.543 Thread 0x0000023a669346a0 DEOPT PACKING pc=0x0000023a71976a0c sp=0x0000005293dfc210
Event: 42.543 Thread 0x0000023a669346a0 DEOPT UNPACKING pc=0x0000023a713969a3 sp=0x0000005293dfc1b8 mode 2

Classes unloaded (0 events):
No events

Classes redefined (0 events):
No events

Internal exceptions (20 events):
Event: 0.618 Thread 0x0000023a669346a0 Exception <a 'java/lang/NoSuchMethodError'{0x0000000710dde5c0}: 'java.lang.Object java.lang.invoke.DirectMethodHandle$Holder.invokeStatic(java.lang.Object, java.lang.Object, int)'> (0x0000000710dde5c0) 
thrown [s\src\hotspot\share\interpreter\linkResolver.cpp, line 771]
Event: 0.620 Thread 0x0000023a669346a0 Exception <a 'java/lang/NoSuchMethodError'{0x0000000710dea2b0}: 'void java.lang.invoke.DelegatingMethodHandle$Holder.delegate(java.lang.Object, java.lang.Object, int, java.lang.Object)'> (0x0000000710dea2b0) 
thrown [s\src\hotspot\share\interpreter\linkResolver.cpp, line 771]
Event: 0.620 Thread 0x0000023a669346a0 Exception <a 'java/lang/NoSuchMethodError'{0x0000000710dee3f8}: 'int java.lang.invoke.DirectMethodHandle$Holder.invokeSpecial(java.lang.Object, java.lang.Object, java.lang.Object)'> (0x0000000710dee3f8) 
thrown [s\src\hotspot\share\interpreter\linkResolver.cpp, line 771]
Event: 0.628 Thread 0x0000023a669346a0 Exception <a 'java/lang/NoSuchMethodError'{0x0000000712001e48}: 'java.lang.Object java.lang.invoke.Invokers$Holder.invokeExact_MT(java.lang.Object, java.lang.Object, java.lang.Object, java.lang.Object)'> (0x0000000712001e48) 
thrown [s\src\hotspot\share\interpreter\linkResolver.cpp, line 771]
Event: 0.713 Thread 0x0000023a669346a0 Exception <a 'java/lang/NoSuchMethodError'{0x0000000711c98190}: 'void java.lang.invoke.DirectMethodHandle$Holder.invokeSpecial(java.lang.Object, java.lang.Object, java.lang.Object)'> (0x0000000711c98190) 
thrown [s\src\hotspot\share\interpreter\linkResolver.cpp, line 771]
Event: 0.723 Thread 0x0000023a669346a0 Implicit null exception at 0x0000023a7192bc10 to 0x0000023a7192c1b0
Event: 0.724 Thread 0x0000023a669346a0 Implicit null exception at 0x0000023a71920a10 to 0x0000023a71920fac
Event: 0.724 Thread 0x0000023a669346a0 Implicit null exception at 0x0000023a7191300f to 0x0000023a71913089
Event: 0.740 Thread 0x0000023a669346a0 Exception <a 'java/lang/NoSuchMethodError'{0x0000000711a38748}: 'java.lang.Object java.lang.invoke.DirectMethodHandle$Holder.invokeStaticInit(java.lang.Object)'> (0x0000000711a38748) 
thrown [s\src\hotspot\share\interpreter\linkResolver.cpp, line 771]
Event: 0.822 Thread 0x0000023a669346a0 Exception <a 'java/lang/NoSuchMethodError'{0x0000000711641720}: 'java.lang.Object java.lang.invoke.DirectMethodHandle$Holder.invokeStaticInit(java.lang.Object, int, int, int, int)'> (0x0000000711641720) 
thrown [s\src\hotspot\share\interpreter\linkResolver.cpp, line 771]
Event: 0.885 Thread 0x0000023a669346a0 Exception <a 'java/lang/NoSuchMethodError'{0x00000007116aff90}: 'java.lang.Object java.lang.invoke.DirectMethodHandle$Holder.invokeStaticInit(java.lang.Object, java.lang.Object, int, int, int, int)'> (0x00000007116aff90) 
thrown [s\src\hotspot\share\interpreter\linkResolver.cpp, line 771]
Event: 1.049 Thread 0x0000023a669346a0 Exception <a 'java/lang/NoSuchMethodError'{0x00000007116decc0}: 'void java.lang.invoke.DirectMethodHandle$Holder.invokeStatic(java.lang.Object, java.lang.Object, java.lang.Object)'> (0x00000007116decc0) 
thrown [s\src\hotspot\share\interpreter\linkResolver.cpp, line 771]
Event: 1.158 Thread 0x0000023a0b59fe30 Exception <a 'java/lang/NoSuchMethodError'{0x0000000711090430}: 'void java.lang.invoke.DirectMethodHandle$Holder.invokeStatic(java.lang.Object, long)'> (0x0000000711090430) 
thrown [s\src\hotspot\share\interpreter\linkResolver.cpp, line 771]
Event: 1.158 Thread 0x0000023a0b59fe30 Exception <a 'java/lang/NoSuchMethodError'{0x0000000711095ae0}: 'java.lang.Object java.lang.invoke.DirectMethodHandle$Holder.newInvokeSpecial(java.lang.Object, long)'> (0x0000000711095ae0) 
thrown [s\src\hotspot\share\interpreter\linkResolver.cpp, line 771]
Event: 1.160 Thread 0x0000023a0b59fe30 Exception <a 'java/lang/NoSuchMethodError'{0x00000007110a0688}: 'java.lang.Object java.lang.invoke.DirectMethodHandle$Holder.invokeStaticInit(java.lang.Object, java.lang.Object, long, java.lang.Object)'> (0x00000007110a0688) 
thrown [s\src\hotspot\share\interpreter\linkResolver.cpp, line 771]
Event: 1.162 Thread 0x0000023a0b59fe30 Exception <a 'java/lang/NoSuchMethodError'{0x00000007110a6d10}: 'java.lang.Object java.lang.invoke.DirectMethodHandle$Holder.newInvokeSpecial(java.lang.Object, java.lang.Object, long)'> (0x00000007110a6d10) 
thrown [s\src\hotspot\share\interpreter\linkResolver.cpp, line 771]
Event: 1.163 Thread 0x0000023a0b59fe30 Exception <a 'java/lang/NoSuchMethodError'{0x00000007110ab000}: 'java.lang.Object java.lang.invoke.Invokers$Holder.linkToTargetMethod(java.lang.Object, long, java.lang.Object)'> (0x00000007110ab000) 
thrown [s\src\hotspot\share\interpreter\linkResolver.cpp, line 771]
Event: 42.542 Thread 0x0000023a669346a0 Exception <a 'sun/net/ConnectionResetException'{0x0000000710fcff58}: Connection reset> (0x0000000710fcff58) 
thrown [s\src\hotspot\share\prims\jni.cpp, line 550]
Event: 42.544 Thread 0x0000023a669346a0 Exception <a 'java/lang/OutOfMemoryError'{0x0000000710fde768}: (class: org/slf4j/helpers/MessageFormatter, method: objectArrayAppend signature: (Ljava/lang/StringBuilder;[Ljava/lang/Object;Ljava/util/Map;)V) > (0x0000000710fde768) 
thrown [s\src\hotspot\share\classfile\verifier.cpp, line 338]
Event: 42.545 Thread 0x0000023a0ae9e000 Exception <a 'java/io/IOException'{0x0000000710fee310}: Connection reset by peer> (0x0000000710fee310) 
thrown [s\src\hotspot\share\prims\jni.cpp, line 550]

VM Operations (20 events):
Event: 24.150 Executing VM operation: Cleanup
Event: 24.150 Executing VM operation: Cleanup done
Event: 26.163 Executing VM operation: Cleanup
Event: 26.163 Executing VM operation: Cleanup done
Event: 28.179 Executing VM operation: Cleanup
Event: 28.179 Executing VM operation: Cleanup done
Event: 32.200 Executing VM operation: Cleanup
Event: 32.201 Executing VM operation: Cleanup done
Event: 33.212 Executing VM operation: Cleanup
Event: 33.212 Executing VM operation: Cleanup done
Event: 35.234 Executing VM operation: Cleanup
Event: 35.234 Executing VM operation: Cleanup done
Event: 36.242 Executing VM operation: Cleanup
Event: 36.242 Executing VM operation: Cleanup done
Event: 38.260 Executing VM operation: Cleanup
Event: 38.260 Executing VM operation: Cleanup done
Event: 39.272 Executing VM operation: Cleanup
Event: 39.272 Executing VM operation: Cleanup done
Event: 42.304 Executing VM operation: Cleanup
Event: 42.304 Executing VM operation: Cleanup done

Events (20 events):
Event: 6.084 loading class jdk/internal/reflect/ClassFileAssembler done
Event: 6.084 loading class jdk/internal/reflect/UTF8
Event: 6.085 loading class jdk/internal/reflect/UTF8 done
Event: 6.085 loading class jdk/internal/reflect/Label
Event: 6.085 loading class jdk/internal/reflect/Label done
Event: 6.085 loading class jdk/internal/reflect/Label$PatchInfo
Event: 6.085 loading class jdk/internal/reflect/Label$PatchInfo done
Event: 6.086 loading class jdk/internal/reflect/MethodAccessorGenerator$1
Event: 6.086 loading class jdk/internal/reflect/MethodAccessorGenerator$1 done
Event: 6.086 loading class jdk/internal/reflect/ClassDefiner
Event: 6.086 loading class jdk/internal/reflect/ClassDefiner done
Event: 6.086 loading class jdk/internal/reflect/ClassDefiner$1
Event: 6.086 loading class jdk/internal/reflect/ClassDefiner$1 done
Event: 14.869 loading class jdk/internal/misc/ScopedMemoryAccess$Scope
Event: 14.869 loading class jdk/internal/misc/ScopedMemoryAccess$Scope done
Event: 42.542 loading class sun/net/ConnectionResetException
Event: 42.542 loading class sun/net/ConnectionResetException done
Event: 42.545 Thread 0x0000023a0ae9e000 Thread exited: 0x0000023a0ae9e000
Event: 42.546 loading class java/util/concurrent/ConcurrentLinkedQueue$Itr
Event: 42.546 loading class java/util/concurrent/ConcurrentLinkedQueue$Itr done


Dynamic libraries:
0x00007ff7d2a00000 - 0x00007ff7d2a0a000 	C:\Program Files\Android\Android Studio\jbr\bin\java.exe
0x00007ffbd28f0000 - 0x00007ffbd2ae8000 	C:\Windows\SYSTEM32\ntdll.dll
0x00007ffbd0b10000 - 0x00007ffbd0bd1000 	C:\Windows\System32\KERNEL32.DLL
0x00007ffbd0570000 - 0x00007ffbd086d000 	C:\Windows\System32\KERNELBASE.dll
0x00007ffbcffd0000 - 0x00007ffbd00d0000 	C:\Windows\System32\ucrtbase.dll
0x00007ffba7df0000 - 0x00007ffba7e0b000 	C:\Program Files\Android\Android Studio\jbr\bin\VCRUNTIME140.dll
0x00007ffba7b50000 - 0x00007ffba7b67000 	C:\Program Files\Android\Android Studio\jbr\bin\jli.dll
0x00007ffbd1fa0000 - 0x00007ffbd213d000 	C:\Windows\System32\USER32.dll
0x00007ffbcffa0000 - 0x00007ffbcffc2000 	C:\Windows\System32\win32u.dll
0x00007ffbbf040000 - 0x00007ffbbf2da000 	C:\Windows\WinSxS\amd64_microsoft.windows.common-controls_6595b64144ccf1df_6.0.19041.4355_none_60b8b9eb71f62e16\COMCTL32.dll
0x00007ffbd1f70000 - 0x00007ffbd1f9b000 	C:\Windows\System32\GDI32.dll
0x00007ffbd0160000 - 0x00007ffbd0277000 	C:\Windows\System32\gdi32full.dll
0x00007ffbd0d20000 - 0x00007ffbd0dbe000 	C:\Windows\System32\msvcrt.dll
0x00007ffbd0430000 - 0x00007ffbd04cd000 	C:\Windows\System32\msvcp_win.dll
0x00007ffbd12b0000 - 0x00007ffbd12df000 	C:\Windows\System32\IMM32.DLL
0x00007ffbbaf30000 - 0x00007ffbbaf3c000 	C:\Program Files\Android\Android Studio\jbr\bin\vcruntime140_1.dll
0x00007ffb95f40000 - 0x00007ffb95fcd000 	C:\Program Files\Android\Android Studio\jbr\bin\msvcp140.dll
0x00007ffb8dcb0000 - 0x00007ffb8e933000 	C:\Program Files\Android\Android Studio\jbr\bin\server\jvm.dll
0x00007ffbd0a60000 - 0x00007ffbd0b10000 	C:\Windows\System32\ADVAPI32.dll
0x00007ffbd16c0000 - 0x00007ffbd1760000 	C:\Windows\System32\sechost.dll
0x00007ffbd0920000 - 0x00007ffbd0a43000 	C:\Windows\System32\RPCRT4.dll
0x00007ffbd0540000 - 0x00007ffbd0567000 	C:\Windows\System32\bcrypt.dll
0x00007ffbb7470000 - 0x00007ffbb7479000 	C:\Windows\SYSTEM32\WSOCK32.dll
0x00007ffbcf4d0000 - 0x00007ffbcf51b000 	C:\Windows\SYSTEM32\POWRPROF.dll
0x00007ffbd12e0000 - 0x00007ffbd134b000 	C:\Windows\System32\WS2_32.dll
0x00007ffbbee10000 - 0x00007ffbbee37000 	C:\Windows\SYSTEM32\WINMM.dll
0x00007ffbcbd30000 - 0x00007ffbcbd3a000 	C:\Windows\SYSTEM32\VERSION.dll
0x00007ffbcf390000 - 0x00007ffbcf3a2000 	C:\Windows\SYSTEM32\UMPDC.dll
0x00007ffbcde20000 - 0x00007ffbcde32000 	C:\Windows\SYSTEM32\kernel.appcore.dll
0x00007ffbb5ad0000 - 0x00007ffbb5ada000 	C:\Program Files\Android\Android Studio\jbr\bin\jimage.dll
0x00007ffbcd540000 - 0x00007ffbcd724000 	C:\Windows\SYSTEM32\DBGHELP.DLL
0x00007ffbb23a0000 - 0x00007ffbb23d4000 	C:\Windows\SYSTEM32\dbgcore.DLL
0x00007ffbd00d0000 - 0x00007ffbd0152000 	C:\Windows\System32\bcryptPrimitives.dll
0x00007ffba5b50000 - 0x00007ffba5b75000 	C:\Program Files\Android\Android Studio\jbr\bin\java.dll
0x00007ffba7a10000 - 0x00007ffba7a28000 	C:\Program Files\Android\Android Studio\jbr\bin\zip.dll
0x00007ffbd2140000 - 0x00007ffbd28af000 	C:\Windows\System32\SHELL32.dll
0x00007ffbce020000 - 0x00007ffbce7bf000 	C:\Windows\SYSTEM32\windows.storage.dll
0x00007ffbd1350000 - 0x00007ffbd16a3000 	C:\Windows\System32\combase.dll
0x00007ffbcf9c0000 - 0x00007ffbcf9ee000 	C:\Windows\SYSTEM32\Wldp.dll
0x00007ffbd0e80000 - 0x00007ffbd0f4d000 	C:\Windows\System32\OLEAUT32.dll
0x00007ffbd0dc0000 - 0x00007ffbd0e6d000 	C:\Windows\System32\SHCORE.dll
0x00007ffbd1d00000 - 0x00007ffbd1d55000 	C:\Windows\System32\shlwapi.dll
0x00007ffbcfed0000 - 0x00007ffbcfef4000 	C:\Windows\SYSTEM32\profapi.dll
0x00007ffba6b50000 - 0x00007ffba6b69000 	C:\Program Files\Android\Android Studio\jbr\bin\net.dll
0x00007ffbc8080000 - 0x00007ffbc818d000 	C:\Windows\SYSTEM32\WINHTTP.dll
0x00007ffbcf720000 - 0x00007ffbcf78a000 	C:\Windows\system32\mswsock.dll
0x00007ffba5ba0000 - 0x00007ffba5bb6000 	C:\Program Files\Android\Android Studio\jbr\bin\nio.dll
0x00007ffbb4d60000 - 0x00007ffbb4d70000 	C:\Program Files\Android\Android Studio\jbr\bin\verify.dll
0x00007ffb9e420000 - 0x00007ffb9e447000 	C:\Users\Dell\.gradle\native\c067742578af261105cb4f569cf0c3c89f3d7b1fecec35dd04571415982c5e48\windows-amd64\native-platform.dll
0x00007ffbb2250000 - 0x00007ffbb2259000 	C:\Program Files\Android\Android Studio\jbr\bin\management.dll
0x00007ffbb21f0000 - 0x00007ffbb21fb000 	C:\Program Files\Android\Android Studio\jbr\bin\management_ext.dll
0x00007ffbd16b0000 - 0x00007ffbd16b8000 	C:\Windows\System32\PSAPI.DLL
0x00007ffbcf920000 - 0x00007ffbcf938000 	C:\Windows\SYSTEM32\CRYPTSP.dll
0x00007ffbcefd0000 - 0x00007ffbcf004000 	C:\Windows\system32\rsaenh.dll
0x00007ffbcfe80000 - 0x00007ffbcfeae000 	C:\Windows\SYSTEM32\USERENV.dll
0x00007ffbcf910000 - 0x00007ffbcf91c000 	C:\Windows\SYSTEM32\CRYPTBASE.dll
0x00007ffbcf3b0000 - 0x00007ffbcf3eb000 	C:\Windows\SYSTEM32\IPHLPAPI.DLL
0x00007ffbd0a50000 - 0x00007ffbd0a58000 	C:\Windows\System32\NSI.dll
0x00007ffbcb550000 - 0x00007ffbcb567000 	C:\Windows\SYSTEM32\dhcpcsvc6.DLL
0x00007ffbcb530000 - 0x00007ffbcb54d000 	C:\Windows\SYSTEM32\dhcpcsvc.DLL
0x00007ffbcf3f0000 - 0x00007ffbcf4ba000 	C:\Windows\SYSTEM32\DNSAPI.dll
0x00007ffbb1e70000 - 0x00007ffbb1e79000 	C:\Program Files\Android\Android Studio\jbr\bin\extnet.dll
0x00007ffba8750000 - 0x00007ffba8757000 	C:\Windows\system32\wshunix.dll

dbghelp: loaded successfully - version: 4.0.5 - missing functions: none
symbol engine: initialized successfully - sym options: 0x614 - pdb path: .;C:\Program Files\Android\Android Studio\jbr\bin;C:\Windows\SYSTEM32;C:\Windows\WinSxS\amd64_microsoft.windows.common-controls_6595b64144ccf1df_6.0.19041.4355_none_60b8b9eb71f62e16;C:\Program Files\Android\Android Studio\jbr\bin\server;C:\Users\Dell\.gradle\native\c067742578af261105cb4f569cf0c3c89f3d7b1fecec35dd04571415982c5e48\windows-amd64

VM Arguments:
jvm_args: -Dorg.gradle.appname=gradlew 
java_command: org.gradle.wrapper.GradleWrapperMain -q -Ptarget-platform=android-x64 -Ptarget=D:\flutter projects\flutter_application_2\lib\main.dart -Pbase-application-name=android.app.Application -Pdart-defines=RkxVVFRFUl9XRUJfQVVUT19ERVRFQ1Q9dHJ1ZQ==,RkxVVFRFUl9XRUJfQ0FOVkFTS0lUX1VSTD1odHRwczovL3d3dy5nc3RhdGljLmNvbS9mbHV0dGVyLWNhbnZhc2tpdC9jNGNkNDhlMTg2NDYwYjMyZDQ0NTg1Y2UzYzEwMzI3MWFiNjc2MzU1Lw== -Pdart-obfuscation=false -Ptrack-widget-creation=true -Ptree-shake-icons=false -Pfilesystem-scheme=org-dartlang-root assembleDebug
java_class_path (initial): D:\flutter projects\flutter_application_2\android\\gradle\wrapper\gradle-wrapper.jar
Launcher Type: SUN_STANDARD

[Global flags]
     intx CICompilerCount                          = 4                                         {product} {ergonomic}
     uint ConcGCThreads                            = 2                                         {product} {ergonomic}
     uint G1ConcRefinementThreads                  = 8                                         {product} {ergonomic}
   size_t G1HeapRegionSize                         = 2097152                                   {product} {ergonomic}
    uintx GCDrainStackTargetSize                   = 64                                        {product} {ergonomic}
   size_t InitialHeapSize                          = 266338304                                 {product} {ergonomic}
   size_t MarkStackSize                            = 4194304                                   {product} {ergonomic}
   size_t MaxHeapSize                              = 4257218560                                {product} {ergonomic}
   size_t MaxNewSize                               = 2554331136                                {product} {ergonomic}
   size_t MinHeapDeltaBytes                        = 2097152                                   {product} {ergonomic}
   size_t MinHeapSize                              = 8388608                                   {product} {ergonomic}
    uintx NonNMethodCodeHeapSize                   = 5839372                                {pd product} {ergonomic}
    uintx NonProfiledCodeHeapSize                  = 122909434                              {pd product} {ergonomic}
    uintx ProfiledCodeHeapSize                     = 122909434                              {pd product} {ergonomic}
    uintx ReservedCodeCacheSize                    = 251658240                              {pd product} {ergonomic}
     bool SegmentedCodeCache                       = true                                      {product} {ergonomic}
   size_t SoftMaxHeapSize                          = 4257218560                             {manageable} {ergonomic}
     bool UseCompressedClassPointers               = true                           {product lp64_product} {ergonomic}
     bool UseCompressedOops                        = true                           {product lp64_product} {ergonomic}
     bool UseG1GC                                  = true                                      {product} {ergonomic}
     bool UseLargePagesIndividualAllocation        = false                                  {pd product} {ergonomic}

Logging:
Log output configuration:
 #0: stdout all=warning uptime,level,tags
 #1: stderr all=off uptime,level,tags

Environment Variables:
JAVA_HOME=C:\Program Files\Android\Android Studio\jbr
CLASSPATH=D:\flutter projects\flutter_application_2\android\\gradle\wrapper\gradle-wrapper.jar
PATH=C:\Program Files\Android\Android Studio\jbr\bin;C:\flutter\bin\;D:\VMware Workstation\bin\;C:\ProgramData\Oracle\Java\javapath;C:\Windows\system32;C:\Windows;C:\Windows\System32\Wbem;C:\Windows\System32\WindowsPowerShell\v1.0\;C:\Windows\System32\OpenSSH\;C:\Program Files\Java\jdk-21\bin;D:\New folder\bin;D:\Windows Kits\10\Windows Performance Toolkit\;C:\Users\Dell\AppData\Local\Microsoft\WindowsApps;D:\CodeblocksCPC2024\CodeBlocks\MinGW\bin;C:\Program Files\CodeBlocks\MinGW\bin;C:\Users\Dell\AppData\Local\Programs\Microsoft VS Code\bin;C:\Program Files\JetBrains\PyCharm 2024.1.4\bin;;C:\flutter\bin;;C:\flutter\bin\mingit\cmd
USERNAME=Dell
LANG=en_US.UTF-8
OS=Windows_NT
PROCESSOR_IDENTIFIER=Intel64 Family 6 Model 158 Stepping 9, GenuineIntel
TMP=C:\Users\Dell\AppData\Local\Temp
TEMP=C:\Users\Dell\AppData\Local\Temp



Periodic native trim disabled

JNI global refs:
JNI global refs: 20, weak refs: 7

JNI global refs memory usage: 843, weak refs: 841

Process memory usage:
Resident Set Size: 95412K (0% of 16622604K total physical memory with 2580844K free physical memory)

OOME stack traces (most recent first):
Classloader memory used:
Loader bootstrap                                                                       : 1619K
Loader org.gradle.internal.classloader.VisitableURLClassLoader                         : 544K
Loader java.net.URLClassLoader                                                         : 26124B
Loader jdk.internal.loader.ClassLoaders$AppClassLoader                                 : 18431B
Loader jdk.internal.loader.ClassLoaders$PlatformClassLoader                            : 14400B
Loader jdk.internal.reflect.DelegatingClassLoader                                      : 540B

Classes loaded by more than one classloader:
Class org.gradle.internal.installation.GradleInstallation                             : loaded 2 times (x 73B)
Class org.gradle.cli.ParsedCommandLine                                                : loaded 2 times (x 78B)
Class org.gradle.internal.classpath.ClassPath                                         : loaded 2 times (x 68B)
Class org.gradle.api.internal.classpath.DefaultModuleRegistry                         : loaded 2 times (x 84B)
Class org.gradle.api.Action                                                           : loaded 2 times (x 68B)
Class org.gradle.cli.CommandLineParser$OptionString                                   : loaded 2 times (x 71B)
Class org.gradle.internal.installation.GradleInstallation$1                           : loaded 2 times (x 73B)
Class org.gradle.cli.CommandLineParser$AfterOptions                                   : loaded 2 times (x 75B)
Class org.gradle.internal.classpath.DefaultClassPath$ImmutableUniqueList$Builder      : loaded 2 times (x 73B)
Class org.gradle.cli.CommandLineParser$AfterFirstSubCommand                           : loaded 2 times (x 75B)
Class org.gradle.internal.classloader.ClassLoaderVisitor                              : loaded 2 times (x 74B)
Class org.gradle.internal.service.UnknownServiceException                             : loaded 2 times (x 81B)
Class org.gradle.api.GradleException                                                  : loaded 2 times (x 80B)
Class org.gradle.api.internal.classpath.ModuleRegistry                                : loaded 2 times (x 68B)
Class org.gradle.cli.CommandLineParser$KnownOptionParserState                         : loaded 2 times (x 74B)
Class org.gradle.internal.classloader.ClasspathUtil$1                                 : loaded 2 times (x 74B)
Class org.gradle.cli.AbstractPropertiesCommandLineConverter                           : loaded 2 times (x 81B)
Class org.gradle.api.internal.classpath.ManifestUtil                                  : loaded 2 times (x 69B)
Class org.gradle.api.specs.Spec                                                       : loaded 2 times (x 68B)
Class org.gradle.cli.SystemPropertiesCommandLineConverter                             : loaded 2 times (x 81B)
Class org.gradle.internal.IoActions                                                   : loaded 2 times (x 69B)
Class org.gradle.api.internal.classpath.EffectiveClassPath                            : loaded 2 times (x 88B)
Class org.gradle.internal.installation.CurrentGradleInstallation                      : loaded 2 times (x 71B)
Class org.gradle.internal.installation.CurrentGradleInstallationLocator               : loaded 2 times (x 69B)
Class org.gradle.api.internal.classpath.Module                                        : loaded 2 times (x 68B)
Class org.gradle.internal.classpath.DefaultClassPath                                  : loaded 2 times (x 88B)
Class org.gradle.api.Transformer                                                      : loaded 2 times (x 68B)
Class org.gradle.cli.CommandLineParser                                                : loaded 2 times (x 77B)
Class org.gradle.cli.CommandLineParser$BeforeFirstSubCommand                          : loaded 2 times (x 75B)
Class org.gradle.internal.classloader.SystemClassLoaderSpec                           : loaded 2 times (x 69B)
Class org.gradle.cli.CommandLineOption                                                : loaded 2 times (x 84B)
Class org.gradle.cli.CommandLineParser$ParserState                                    : loaded 2 times (x 74B)
Class org.gradle.cli.CommandLineParser$MissingOptionArgState                          : loaded 2 times (x 75B)
Class org.gradle.api.UncheckedIOException                                             : loaded 2 times (x 80B)
Class org.gradle.cli.ParsedCommandLineOption                                          : loaded 2 times (x 74B)
Class org.gradle.internal.classloader.ClasspathUtil                                   : loaded 2 times (x 69B)
Class org.gradle.api.internal.classpath.DefaultModuleRegistry$DefaultModule           : loaded 2 times (x 84B)
Class org.gradle.cli.CommandLineParser$UnknownOptionParserState                       : loaded 2 times (x 74B)
Class org.gradle.api.internal.classpath.UnknownModuleException                        : loaded 2 times (x 80B)
Class org.gradle.internal.service.ServiceLookupException                              : loaded 2 times (x 80B)
Class org.gradle.cache.GlobalCache                                                    : loaded 2 times (x 68B)
Class org.gradle.util.internal.GUtil                                                  : loaded 2 times (x 69B)
Class org.gradle.internal.classloader.ClassLoaderSpec                                 : loaded 2 times (x 69B)
Class org.gradle.cli.CommandLineParser$OptionAwareParserState                         : loaded 2 times (x 75B)
Class org.gradle.cli.CommandLineParser$OptionParserState                              : loaded 2 times (x 73B)
Class org.gradle.internal.Cast                                                        : loaded 2 times (x 69B)
Class org.gradle.internal.classloader.ClassLoaderHierarchy                            : loaded 2 times (x 68B)
Class org.gradle.cli.CommandLineConverter                                             : loaded 2 times (x 68B)
Class org.gradle.internal.classpath.DefaultClassPath$ImmutableUniqueList              : loaded 2 times (x 159B)
Class org.gradle.cli.AbstractCommandLineConverter                                     : loaded 2 times (x 77B)
Class org.gradle.cli.CommandLineArgumentException                                     : loaded 2 times (x 80B)


---------------  S Y S T E M  ---------------

OS:
 Windows 10 , 64 bit Build 19041 (10.0.19041.4717)
OS uptime: 2 days 3:25 hours

CPU: total 8 (initial active 8) (4 cores per cpu, 2 threads per core) family 6 model 158 stepping 9 microcode 0xea, cx8, cmov, fxsr, ht, mmx, 3dnowpref, sse, sse2, sse3, ssse3, sse4.1, sse4.2, popcnt, lzcnt, tsc, tscinvbit, avx, avx2, aes, erms, clmul, bmi1, bmi2, rtm, adx, fma, vzeroupper, clflush, clflushopt
Processor Information for processor 0
  Max Mhz: 2901, Current Mhz: 2901, Mhz Limit: 2901
Processor Information for processor 1
  Max Mhz: 2901, Current Mhz: 1500, Mhz Limit: 2901
Processor Information for processor 2
  Max Mhz: 2901, Current Mhz: 2901, Mhz Limit: 2901
Processor Information for processor 3
  Max Mhz: 2901, Current Mhz: 2901, Mhz Limit: 2901
Processor Information for processor 4
  Max Mhz: 2901, Current Mhz: 2901, Mhz Limit: 2901
Processor Information for processor 5
  Max Mhz: 2901, Current Mhz: 2901, Mhz Limit: 2901
Processor Information for processor 6
  Max Mhz: 2901, Current Mhz: 2901, Mhz Limit: 2901
Processor Information for processor 7
  Max Mhz: 2901, Current Mhz: 2901, Mhz Limit: 2901

Memory: 4k page, system-wide physical 16233M (2531M free)
TotalPageFile size 20735M (AvailPageFile size 879M)
current process WorkingSet (physical memory assigned to process): 93M, peak: 103M
current process commit charge ("private bytes"): 360M, peak: 371M

vm_info: OpenJDK 64-Bit Server VM (17.0.11+0--11852314) for windows-amd64 JRE (17.0.11+0--11852314), built on May 16 2024 21:29:20 by "androidbuild" with MS VC++ 16.10 / 16.11 (VS2019)

END.
